# 1 "can_send.c"
# 1 "<built-in>"
# 1 "<command line>"
# 1 "can_send.c"
# 14 "can_send.c"
# 1 "/usr/include/sys/types.h" 1 3 4
# 27 "/usr/include/sys/types.h" 3 4
# 1 "/usr/include/features.h" 1 3 4
# 291 "/usr/include/features.h" 3 4
# 1 "/usr/include/sys/cdefs.h" 1 3 4
# 292 "/usr/include/features.h" 2 3 4
# 314 "/usr/include/features.h" 3 4
# 1 "/usr/include/gnu/stubs.h" 1 3 4
# 315 "/usr/include/features.h" 2 3 4
# 28 "/usr/include/sys/types.h" 2 3 4



# 1 "/usr/include/bits/types.h" 1 3 4
# 28 "/usr/include/bits/types.h" 3 4
# 1 "/usr/include/bits/wordsize.h" 1 3 4
# 29 "/usr/include/bits/types.h" 2 3 4


# 1 "/usr/lib/gcc-lib/i486-suse-linux/3.3/include/stddef.h" 1 3 4
# 213 "/usr/lib/gcc-lib/i486-suse-linux/3.3/include/stddef.h" 3 4
typedef unsigned int size_t;
# 32 "/usr/include/bits/types.h" 2 3 4


typedef unsigned char __u_char;
typedef unsigned short int __u_short;
typedef unsigned int __u_int;
typedef unsigned long int __u_long;


typedef signed char __int8_t;
typedef unsigned char __uint8_t;
typedef signed short int __int16_t;
typedef unsigned short int __uint16_t;
typedef signed int __int32_t;
typedef unsigned int __uint32_t;




__extension__ typedef signed long long int __int64_t;
__extension__ typedef unsigned long long int __uint64_t;





__extension__ typedef long long int __quad_t;
__extension__ typedef unsigned long long int __u_quad_t;
# 128 "/usr/include/bits/types.h" 3 4
# 1 "/usr/include/bits/typesizes.h" 1 3 4
# 129 "/usr/include/bits/types.h" 2 3 4


typedef unsigned long long int __dev_t;
typedef unsigned int __uid_t;
typedef unsigned int __gid_t;
typedef unsigned long int __ino_t;
typedef unsigned long long int __ino64_t;
typedef unsigned int __mode_t;
typedef unsigned int __nlink_t;
typedef long int __off_t;
typedef long long int __off64_t;
typedef int __pid_t;
typedef struct { int __val[2]; } __fsid_t;
typedef long int __clock_t;
typedef unsigned long int __rlim_t;
typedef unsigned long long int __rlim64_t;
typedef unsigned int __id_t;
typedef long int __time_t;
typedef unsigned int __useconds_t;
typedef long int __suseconds_t;

typedef int __daddr_t;
typedef long int __swblk_t;
typedef int __key_t;


typedef int __clockid_t;


typedef int __timer_t;


typedef long int __blksize_t;




typedef long int __blkcnt_t;
typedef long long int __blkcnt64_t;


typedef unsigned long int __fsblkcnt_t;
typedef unsigned long long int __fsblkcnt64_t;


typedef unsigned long int __fsfilcnt_t;
typedef unsigned long long int __fsfilcnt64_t;




typedef int __ssize_t;
typedef __off64_t __loff_t;
typedef __quad_t *__qaddr_t;
typedef char *__caddr_t;


typedef int __intptr_t;


typedef unsigned int __socklen_t;
# 32 "/usr/include/sys/types.h" 2 3 4



typedef __u_char u_char;
typedef __u_short u_short;
typedef __u_int u_int;
typedef __u_long u_long;
typedef __quad_t quad_t;
typedef __u_quad_t u_quad_t;
typedef __fsid_t fsid_t;




typedef __loff_t loff_t;



typedef __ino_t ino_t;
# 62 "/usr/include/sys/types.h" 3 4
typedef __dev_t dev_t;




typedef __gid_t gid_t;




typedef __mode_t mode_t;




typedef __nlink_t nlink_t;




typedef __uid_t uid_t;





typedef __off_t off_t;
# 100 "/usr/include/sys/types.h" 3 4
typedef __pid_t pid_t;




typedef __id_t id_t;




typedef __ssize_t ssize_t;





typedef __daddr_t daddr_t;
typedef __caddr_t caddr_t;





typedef __key_t key_t;
# 133 "/usr/include/sys/types.h" 3 4
# 1 "/usr/include/time.h" 1 3 4
# 74 "/usr/include/time.h" 3 4


typedef __time_t time_t;



# 92 "/usr/include/time.h" 3 4
typedef __clockid_t clockid_t;
# 104 "/usr/include/time.h" 3 4
typedef __timer_t timer_t;
# 134 "/usr/include/sys/types.h" 2 3 4
# 147 "/usr/include/sys/types.h" 3 4
# 1 "/usr/lib/gcc-lib/i486-suse-linux/3.3/include/stddef.h" 1 3 4
# 148 "/usr/include/sys/types.h" 2 3 4



typedef unsigned long int ulong;
typedef unsigned short int ushort;
typedef unsigned int uint;
# 191 "/usr/include/sys/types.h" 3 4
typedef int int8_t __attribute__ ((__mode__ (__QI__)));
typedef int int16_t __attribute__ ((__mode__ (__HI__)));
typedef int int32_t __attribute__ ((__mode__ (__SI__)));
typedef int int64_t __attribute__ ((__mode__ (__DI__)));


typedef unsigned int u_int8_t __attribute__ ((__mode__ (__QI__)));
typedef unsigned int u_int16_t __attribute__ ((__mode__ (__HI__)));
typedef unsigned int u_int32_t __attribute__ ((__mode__ (__SI__)));
typedef unsigned int u_int64_t __attribute__ ((__mode__ (__DI__)));

typedef int register_t __attribute__ ((__mode__ (__word__)));
# 213 "/usr/include/sys/types.h" 3 4
# 1 "/usr/include/endian.h" 1 3 4
# 37 "/usr/include/endian.h" 3 4
# 1 "/usr/include/bits/endian.h" 1 3 4
# 38 "/usr/include/endian.h" 2 3 4
# 214 "/usr/include/sys/types.h" 2 3 4


# 1 "/usr/include/sys/select.h" 1 3 4
# 31 "/usr/include/sys/select.h" 3 4
# 1 "/usr/include/bits/select.h" 1 3 4
# 32 "/usr/include/sys/select.h" 2 3 4


# 1 "/usr/include/bits/sigset.h" 1 3 4
# 23 "/usr/include/bits/sigset.h" 3 4
typedef int __sig_atomic_t;




typedef struct
  {
    unsigned long int __val[(1024 / (8 * sizeof (unsigned long int)))];
  } __sigset_t;
# 35 "/usr/include/sys/select.h" 2 3 4



typedef __sigset_t sigset_t;





# 1 "/usr/include/time.h" 1 3 4
# 118 "/usr/include/time.h" 3 4
struct timespec
  {
    __time_t tv_sec;
    long int tv_nsec;
  };
# 45 "/usr/include/sys/select.h" 2 3 4

# 1 "/usr/include/bits/time.h" 1 3 4
# 67 "/usr/include/bits/time.h" 3 4
struct timeval
  {
    __time_t tv_sec;
    __suseconds_t tv_usec;
  };
# 47 "/usr/include/sys/select.h" 2 3 4


typedef __suseconds_t suseconds_t;





typedef long int __fd_mask;
# 67 "/usr/include/sys/select.h" 3 4
typedef struct
  {






    __fd_mask __fds_bits[1024 / (8 * sizeof (__fd_mask))];


  } fd_set;






typedef __fd_mask fd_mask;
# 99 "/usr/include/sys/select.h" 3 4







extern int select (int __nfds, fd_set *__restrict __readfds,
                   fd_set *__restrict __writefds,
                   fd_set *__restrict __exceptfds,
                   struct timeval *__restrict __timeout) ;
# 122 "/usr/include/sys/select.h" 3 4

# 217 "/usr/include/sys/types.h" 2 3 4


# 1 "/usr/include/sys/sysmacros.h" 1 3 4
# 220 "/usr/include/sys/types.h" 2 3 4
# 231 "/usr/include/sys/types.h" 3 4
typedef __blkcnt_t blkcnt_t;



typedef __fsblkcnt_t fsblkcnt_t;



typedef __fsfilcnt_t fsfilcnt_t;
# 266 "/usr/include/sys/types.h" 3 4
# 1 "/usr/include/bits/pthreadtypes.h" 1 3 4
# 23 "/usr/include/bits/pthreadtypes.h" 3 4
# 1 "/usr/include/bits/sched.h" 1 3 4
# 83 "/usr/include/bits/sched.h" 3 4
struct __sched_param
  {
    int __sched_priority;
  };
# 24 "/usr/include/bits/pthreadtypes.h" 2 3 4


struct _pthread_fastlock
{
  long int __status;
  int __spinlock;

};



typedef struct _pthread_descr_struct *_pthread_descr;





typedef struct __pthread_attr_s
{
  int __detachstate;
  int __schedpolicy;
  struct __sched_param __schedparam;
  int __inheritsched;
  int __scope;
  size_t __guardsize;
  int __stackaddr_set;
  void *__stackaddr;
  size_t __stacksize;
} pthread_attr_t;





__extension__ typedef long long __pthread_cond_align_t;




typedef struct
{
  struct _pthread_fastlock __c_lock;
  _pthread_descr __c_waiting;
  char __padding[48 - sizeof (struct _pthread_fastlock)
                 - sizeof (_pthread_descr) - sizeof (__pthread_cond_align_t)];
  __pthread_cond_align_t __align;
} pthread_cond_t;



typedef struct
{
  int __dummy;
} pthread_condattr_t;


typedef unsigned int pthread_key_t;





typedef struct
{
  int __m_reserved;
  int __m_count;
  _pthread_descr __m_owner;
  int __m_kind;
  struct _pthread_fastlock __m_lock;
} pthread_mutex_t;



typedef struct
{
  int __mutexkind;
} pthread_mutexattr_t;



typedef int pthread_once_t;
# 150 "/usr/include/bits/pthreadtypes.h" 3 4
typedef unsigned long int pthread_t;
# 267 "/usr/include/sys/types.h" 2 3 4



# 15 "can_send.c" 2
# 1 "/usr/include/sys/stat.h" 1 3 4
# 37 "/usr/include/sys/stat.h" 3 4
# 1 "/usr/include/time.h" 1 3 4
# 38 "/usr/include/sys/stat.h" 2 3 4
# 103 "/usr/include/sys/stat.h" 3 4


# 1 "/usr/include/bits/stat.h" 1 3 4
# 36 "/usr/include/bits/stat.h" 3 4
struct stat
  {
    __dev_t st_dev;
    unsigned short int __pad1;

    __ino_t st_ino;



    __mode_t st_mode;
    __nlink_t st_nlink;
    __uid_t st_uid;
    __gid_t st_gid;
    __dev_t st_rdev;
    unsigned short int __pad2;

    __off_t st_size;



    __blksize_t st_blksize;


    __blkcnt_t st_blocks;
# 70 "/usr/include/bits/stat.h" 3 4
    struct timespec st_atim;
    struct timespec st_mtim;
    struct timespec st_ctim;
# 85 "/usr/include/bits/stat.h" 3 4
    unsigned long int __unused4;
    unsigned long int __unused5;



  };
# 106 "/usr/include/sys/stat.h" 2 3 4
# 207 "/usr/include/sys/stat.h" 3 4
extern int stat (__const char *__restrict __file,
                 struct stat *__restrict __buf) ;



extern int fstat (int __fd, struct stat *__buf) ;
# 235 "/usr/include/sys/stat.h" 3 4
extern int lstat (__const char *__restrict __file,
                  struct stat *__restrict __buf) ;
# 255 "/usr/include/sys/stat.h" 3 4
extern int chmod (__const char *__file, __mode_t __mode) ;





extern int lchmod (__const char *__file, __mode_t __mode) ;




extern int fchmod (int __fd, __mode_t __mode) ;





extern __mode_t umask (__mode_t __mask) ;
# 281 "/usr/include/sys/stat.h" 3 4
extern int mkdir (__const char *__path, __mode_t __mode) ;





extern int mknod (__const char *__path, __mode_t __mode, __dev_t __dev)
     ;




extern int mkfifo (__const char *__path, __mode_t __mode) ;
# 319 "/usr/include/sys/stat.h" 3 4
extern int __fxstat (int __ver, int __fildes, struct stat *__stat_buf) ;
extern int __xstat (int __ver, __const char *__filename,
                    struct stat *__stat_buf) ;
extern int __lxstat (int __ver, __const char *__filename,
                     struct stat *__stat_buf) ;
# 350 "/usr/include/sys/stat.h" 3 4
extern int __xmknod (int __ver, __const char *__path, __mode_t __mode,
                     __dev_t *__dev) ;




extern __inline__ int stat (__const char *__path,
                            struct stat *__statbuf)
{
  return __xstat (3, __path, __statbuf);
}


extern __inline__ int lstat (__const char *__path,
                             struct stat *__statbuf)
{
  return __lxstat (3, __path, __statbuf);
}


extern __inline__ int fstat (int __fd, struct stat *__statbuf)
{
  return __fxstat (3, __fd, __statbuf);
}


extern __inline__ int mknod (__const char *__path, __mode_t __mode,
                             __dev_t __dev)
{
  return __xmknod (1, __path, __mode, &__dev);
}
# 408 "/usr/include/sys/stat.h" 3 4

# 16 "can_send.c" 2
# 1 "/usr/include/fcntl.h" 1 3 4
# 29 "/usr/include/fcntl.h" 3 4




# 1 "/usr/include/bits/fcntl.h" 1 3 4
# 136 "/usr/include/bits/fcntl.h" 3 4
struct flock
  {
    short int l_type;
    short int l_whence;

    __off_t l_start;
    __off_t l_len;




    __pid_t l_pid;
  };
# 34 "/usr/include/fcntl.h" 2 3 4
# 60 "/usr/include/fcntl.h" 3 4
extern int fcntl (int __fd, int __cmd, ...) ;





extern int open (__const char *__file, int __oflag, ...) ;
# 83 "/usr/include/fcntl.h" 3 4
extern int creat (__const char *__file, __mode_t __mode) ;
# 112 "/usr/include/fcntl.h" 3 4
extern int lockf (int __fd, int __cmd, __off_t __len) ;
# 165 "/usr/include/fcntl.h" 3 4

# 17 "can_send.c" 2
# 1 "/usr/include/unistd.h" 1 3 4
# 28 "/usr/include/unistd.h" 3 4

# 175 "/usr/include/unistd.h" 3 4
# 1 "/usr/include/bits/posix_opt.h" 1 3 4
# 176 "/usr/include/unistd.h" 2 3 4
# 199 "/usr/include/unistd.h" 3 4
# 1 "/usr/lib/gcc-lib/i486-suse-linux/3.3/include/stddef.h" 1 3 4
# 200 "/usr/include/unistd.h" 2 3 4
# 240 "/usr/include/unistd.h" 3 4
typedef __intptr_t intptr_t;






typedef __socklen_t socklen_t;
# 260 "/usr/include/unistd.h" 3 4
extern int access (__const char *__name, int __type) ;
# 290 "/usr/include/unistd.h" 3 4
extern __off_t lseek (int __fd, __off_t __offset, int __whence) ;
# 306 "/usr/include/unistd.h" 3 4
extern int close (int __fd) ;



extern ssize_t read (int __fd, void *__buf, size_t __nbytes) ;


extern ssize_t write (int __fd, __const void *__buf, size_t __n) ;
# 353 "/usr/include/unistd.h" 3 4
extern int pipe (int __pipedes[2]) ;
# 362 "/usr/include/unistd.h" 3 4
extern unsigned int alarm (unsigned int __seconds) ;
# 371 "/usr/include/unistd.h" 3 4
extern unsigned int sleep (unsigned int __seconds) ;






extern __useconds_t ualarm (__useconds_t __value, __useconds_t __interval)
     ;



extern int usleep (__useconds_t __useconds) ;





extern int pause (void) ;



extern int chown (__const char *__file, __uid_t __owner, __gid_t __group)
     ;



extern int fchown (int __fd, __uid_t __owner, __gid_t __group) ;




extern int lchown (__const char *__file, __uid_t __owner, __gid_t __group)
     ;




extern int chdir (__const char *__path) ;



extern int fchdir (int __fd) ;
# 423 "/usr/include/unistd.h" 3 4
extern char *getcwd (char *__buf, size_t __size) ;
# 436 "/usr/include/unistd.h" 3 4
extern char *getwd (char *__buf) ;




extern int dup (int __fd) ;


extern int dup2 (int __fd, int __fd2) ;


extern char **__environ;







extern int execve (__const char *__path, char *__const __argv[],
                   char *__const __envp[]) ;
# 467 "/usr/include/unistd.h" 3 4
extern int execv (__const char *__path, char *__const __argv[]) ;



extern int execle (__const char *__path, __const char *__arg, ...) ;



extern int execl (__const char *__path, __const char *__arg, ...) ;



extern int execvp (__const char *__file, char *__const __argv[]) ;




extern int execlp (__const char *__file, __const char *__arg, ...) ;




extern int nice (int __inc) ;




extern void _exit (int __status) __attribute__ ((__noreturn__));





# 1 "/usr/include/bits/confname.h" 1 3 4
# 25 "/usr/include/bits/confname.h" 3 4
enum
  {
    _PC_LINK_MAX,

    _PC_MAX_CANON,

    _PC_MAX_INPUT,

    _PC_NAME_MAX,

    _PC_PATH_MAX,

    _PC_PIPE_BUF,

    _PC_CHOWN_RESTRICTED,

    _PC_NO_TRUNC,

    _PC_VDISABLE,

    _PC_SYNC_IO,

    _PC_ASYNC_IO,

    _PC_PRIO_IO,

    _PC_SOCK_MAXBUF,

    _PC_FILESIZEBITS,

    _PC_REC_INCR_XFER_SIZE,

    _PC_REC_MAX_XFER_SIZE,

    _PC_REC_MIN_XFER_SIZE,

    _PC_REC_XFER_ALIGN,

    _PC_ALLOC_SIZE_MIN,

    _PC_SYMLINK_MAX

  };


enum
  {
    _SC_ARG_MAX,

    _SC_CHILD_MAX,

    _SC_CLK_TCK,

    _SC_NGROUPS_MAX,

    _SC_OPEN_MAX,

    _SC_STREAM_MAX,

    _SC_TZNAME_MAX,

    _SC_JOB_CONTROL,

    _SC_SAVED_IDS,

    _SC_REALTIME_SIGNALS,

    _SC_PRIORITY_SCHEDULING,

    _SC_TIMERS,

    _SC_ASYNCHRONOUS_IO,

    _SC_PRIORITIZED_IO,

    _SC_SYNCHRONIZED_IO,

    _SC_FSYNC,

    _SC_MAPPED_FILES,

    _SC_MEMLOCK,

    _SC_MEMLOCK_RANGE,

    _SC_MEMORY_PROTECTION,

    _SC_MESSAGE_PASSING,

    _SC_SEMAPHORES,

    _SC_SHARED_MEMORY_OBJECTS,

    _SC_AIO_LISTIO_MAX,

    _SC_AIO_MAX,

    _SC_AIO_PRIO_DELTA_MAX,

    _SC_DELAYTIMER_MAX,

    _SC_MQ_OPEN_MAX,

    _SC_MQ_PRIO_MAX,

    _SC_VERSION,

    _SC_PAGESIZE,


    _SC_RTSIG_MAX,

    _SC_SEM_NSEMS_MAX,

    _SC_SEM_VALUE_MAX,

    _SC_SIGQUEUE_MAX,

    _SC_TIMER_MAX,




    _SC_BC_BASE_MAX,

    _SC_BC_DIM_MAX,

    _SC_BC_SCALE_MAX,

    _SC_BC_STRING_MAX,

    _SC_COLL_WEIGHTS_MAX,

    _SC_EQUIV_CLASS_MAX,

    _SC_EXPR_NEST_MAX,

    _SC_LINE_MAX,

    _SC_RE_DUP_MAX,

    _SC_CHARCLASS_NAME_MAX,


    _SC_2_VERSION,

    _SC_2_C_BIND,

    _SC_2_C_DEV,

    _SC_2_FORT_DEV,

    _SC_2_FORT_RUN,

    _SC_2_SW_DEV,

    _SC_2_LOCALEDEF,


    _SC_PII,

    _SC_PII_XTI,

    _SC_PII_SOCKET,

    _SC_PII_INTERNET,

    _SC_PII_OSI,

    _SC_POLL,

    _SC_SELECT,

    _SC_UIO_MAXIOV,

    _SC_IOV_MAX = _SC_UIO_MAXIOV,

    _SC_PII_INTERNET_STREAM,

    _SC_PII_INTERNET_DGRAM,

    _SC_PII_OSI_COTS,

    _SC_PII_OSI_CLTS,

    _SC_PII_OSI_M,

    _SC_T_IOV_MAX,



    _SC_THREADS,

    _SC_THREAD_SAFE_FUNCTIONS,

    _SC_GETGR_R_SIZE_MAX,

    _SC_GETPW_R_SIZE_MAX,

    _SC_LOGIN_NAME_MAX,

    _SC_TTY_NAME_MAX,

    _SC_THREAD_DESTRUCTOR_ITERATIONS,

    _SC_THREAD_KEYS_MAX,

    _SC_THREAD_STACK_MIN,

    _SC_THREAD_THREADS_MAX,

    _SC_THREAD_ATTR_STACKADDR,

    _SC_THREAD_ATTR_STACKSIZE,

    _SC_THREAD_PRIORITY_SCHEDULING,

    _SC_THREAD_PRIO_INHERIT,

    _SC_THREAD_PRIO_PROTECT,

    _SC_THREAD_PROCESS_SHARED,


    _SC_NPROCESSORS_CONF,

    _SC_NPROCESSORS_ONLN,

    _SC_PHYS_PAGES,

    _SC_AVPHYS_PAGES,

    _SC_ATEXIT_MAX,

    _SC_PASS_MAX,


    _SC_XOPEN_VERSION,

    _SC_XOPEN_XCU_VERSION,

    _SC_XOPEN_UNIX,

    _SC_XOPEN_CRYPT,

    _SC_XOPEN_ENH_I18N,

    _SC_XOPEN_SHM,


    _SC_2_CHAR_TERM,

    _SC_2_C_VERSION,

    _SC_2_UPE,


    _SC_XOPEN_XPG2,

    _SC_XOPEN_XPG3,

    _SC_XOPEN_XPG4,


    _SC_CHAR_BIT,

    _SC_CHAR_MAX,

    _SC_CHAR_MIN,

    _SC_INT_MAX,

    _SC_INT_MIN,

    _SC_LONG_BIT,

    _SC_WORD_BIT,

    _SC_MB_LEN_MAX,

    _SC_NZERO,

    _SC_SSIZE_MAX,

    _SC_SCHAR_MAX,

    _SC_SCHAR_MIN,

    _SC_SHRT_MAX,

    _SC_SHRT_MIN,

    _SC_UCHAR_MAX,

    _SC_UINT_MAX,

    _SC_ULONG_MAX,

    _SC_USHRT_MAX,


    _SC_NL_ARGMAX,

    _SC_NL_LANGMAX,

    _SC_NL_MSGMAX,

    _SC_NL_NMAX,

    _SC_NL_SETMAX,

    _SC_NL_TEXTMAX,


    _SC_XBS5_ILP32_OFF32,

    _SC_XBS5_ILP32_OFFBIG,

    _SC_XBS5_LP64_OFF64,

    _SC_XBS5_LPBIG_OFFBIG,


    _SC_XOPEN_LEGACY,

    _SC_XOPEN_REALTIME,

    _SC_XOPEN_REALTIME_THREADS,


    _SC_ADVISORY_INFO,

    _SC_BARRIERS,

    _SC_BASE,

    _SC_C_LANG_SUPPORT,

    _SC_C_LANG_SUPPORT_R,

    _SC_CLOCK_SELECTION,

    _SC_CPUTIME,

    _SC_THREAD_CPUTIME,

    _SC_DEVICE_IO,

    _SC_DEVICE_SPECIFIC,

    _SC_DEVICE_SPECIFIC_R,

    _SC_FD_MGMT,

    _SC_FIFO,

    _SC_PIPE,

    _SC_FILE_ATTRIBUTES,

    _SC_FILE_LOCKING,

    _SC_FILE_SYSTEM,

    _SC_MONOTONIC_CLOCK,

    _SC_MULTI_PROCESS,

    _SC_SINGLE_PROCESS,

    _SC_NETWORKING,

    _SC_READER_WRITER_LOCKS,

    _SC_SPIN_LOCKS,

    _SC_REGEXP,

    _SC_REGEX_VERSION,

    _SC_SHELL,

    _SC_SIGNALS,

    _SC_SPAWN,

    _SC_SPORADIC_SERVER,

    _SC_THREAD_SPORADIC_SERVER,

    _SC_SYSTEM_DATABASE,

    _SC_SYSTEM_DATABASE_R,

    _SC_TIMEOUTS,

    _SC_TYPED_MEMORY_OBJECTS,

    _SC_USER_GROUPS,

    _SC_USER_GROUPS_R,

    _SC_2_PBS,

    _SC_2_PBS_ACCOUNTING,

    _SC_2_PBS_LOCATE,

    _SC_2_PBS_MESSAGE,

    _SC_2_PBS_TRACK,

    _SC_SYMLOOP_MAX,

    _SC_STREAMS,

    _SC_2_PBS_CHECKPOINT,


    _SC_V6_ILP32_OFF32,

    _SC_V6_ILP32_OFFBIG,

    _SC_V6_LP64_OFF64,

    _SC_V6_LPBIG_OFFBIG,


    _SC_HOST_NAME_MAX,

    _SC_TRACE,

    _SC_TRACE_EVENT_FILTER,

    _SC_TRACE_INHERIT,

    _SC_TRACE_LOG

  };


enum
  {
    _CS_PATH,


    _CS_V6_WIDTH_RESTRICTED_ENVS,


    _CS_GNU_LIBC_VERSION,

    _CS_GNU_LIBPTHREAD_VERSION,


    _CS_LFS_CFLAGS = 1000,

    _CS_LFS_LDFLAGS,

    _CS_LFS_LIBS,

    _CS_LFS_LINTFLAGS,

    _CS_LFS64_CFLAGS,

    _CS_LFS64_LDFLAGS,

    _CS_LFS64_LIBS,

    _CS_LFS64_LINTFLAGS,


    _CS_XBS5_ILP32_OFF32_CFLAGS = 1100,

    _CS_XBS5_ILP32_OFF32_LDFLAGS,

    _CS_XBS5_ILP32_OFF32_LIBS,

    _CS_XBS5_ILP32_OFF32_LINTFLAGS,

    _CS_XBS5_ILP32_OFFBIG_CFLAGS,

    _CS_XBS5_ILP32_OFFBIG_LDFLAGS,

    _CS_XBS5_ILP32_OFFBIG_LIBS,

    _CS_XBS5_ILP32_OFFBIG_LINTFLAGS,

    _CS_XBS5_LP64_OFF64_CFLAGS,

    _CS_XBS5_LP64_OFF64_LDFLAGS,

    _CS_XBS5_LP64_OFF64_LIBS,

    _CS_XBS5_LP64_OFF64_LINTFLAGS,

    _CS_XBS5_LPBIG_OFFBIG_CFLAGS,

    _CS_XBS5_LPBIG_OFFBIG_LDFLAGS,

    _CS_XBS5_LPBIG_OFFBIG_LIBS,

    _CS_XBS5_LPBIG_OFFBIG_LINTFLAGS,


    _CS_POSIX_V6_ILP32_OFF32_CFLAGS,

    _CS_POSIX_V6_ILP32_OFF32_LDFLAGS,

    _CS_POSIX_V6_ILP32_OFF32_LIBS,

    _CS_POSIX_V6_ILP32_OFF32_LINTFLAGS,

    _CS_POSIX_V6_ILP32_OFFBIG_CFLAGS,

    _CS_POSIX_V6_ILP32_OFFBIG_LDFLAGS,

    _CS_POSIX_V6_ILP32_OFFBIG_LIBS,

    _CS_POSIX_V6_ILP32_OFFBIG_LINTFLAGS,

    _CS_POSIX_V6_LP64_OFF64_CFLAGS,

    _CS_POSIX_V6_LP64_OFF64_LDFLAGS,

    _CS_POSIX_V6_LP64_OFF64_LIBS,

    _CS_POSIX_V6_LP64_OFF64_LINTFLAGS,

    _CS_POSIX_V6_LPBIG_OFFBIG_CFLAGS,

    _CS_POSIX_V6_LPBIG_OFFBIG_LDFLAGS,

    _CS_POSIX_V6_LPBIG_OFFBIG_LIBS,

    _CS_POSIX_V6_LPBIG_OFFBIG_LINTFLAGS

  };
# 501 "/usr/include/unistd.h" 2 3 4


extern long int pathconf (__const char *__path, int __name) ;


extern long int fpathconf (int __fd, int __name) ;


extern long int sysconf (int __name) __attribute__ ((__const__));



extern size_t confstr (int __name, char *__buf, size_t __len) ;




extern __pid_t getpid (void) ;


extern __pid_t getppid (void) ;




extern __pid_t getpgrp (void) ;
# 536 "/usr/include/unistd.h" 3 4
extern __pid_t __getpgid (__pid_t __pid) ;
# 545 "/usr/include/unistd.h" 3 4
extern int setpgid (__pid_t __pid, __pid_t __pgid) ;
# 562 "/usr/include/unistd.h" 3 4
extern int setpgrp (void) ;
# 580 "/usr/include/unistd.h" 3 4
extern __pid_t setsid (void) ;







extern __uid_t getuid (void) ;


extern __uid_t geteuid (void) ;


extern __gid_t getgid (void) ;


extern __gid_t getegid (void) ;




extern int getgroups (int __size, __gid_t __list[]) ;
# 613 "/usr/include/unistd.h" 3 4
extern int setuid (__uid_t __uid) ;




extern int setreuid (__uid_t __ruid, __uid_t __euid) ;




extern int seteuid (__uid_t __uid) ;






extern int setgid (__gid_t __gid) ;




extern int setregid (__gid_t __rgid, __gid_t __egid) ;




extern int setegid (__gid_t __gid) ;
# 665 "/usr/include/unistd.h" 3 4
extern __pid_t fork (void) ;






extern __pid_t vfork (void) ;





extern char *ttyname (int __fd) ;



extern int ttyname_r (int __fd, char *__buf, size_t __buflen) ;



extern int isatty (int __fd) ;





extern int ttyslot (void) ;




extern int link (__const char *__from, __const char *__to) ;



extern int symlink (__const char *__from, __const char *__to) ;




extern int readlink (__const char *__restrict __path, char *__restrict __buf,
                     size_t __len) ;



extern int unlink (__const char *__name) ;


extern int rmdir (__const char *__path) ;



extern __pid_t tcgetpgrp (int __fd) ;


extern int tcsetpgrp (int __fd, __pid_t __pgrp_id) ;



extern char *getlogin (void) ;
# 735 "/usr/include/unistd.h" 3 4
extern int setlogin (__const char *__name) ;
# 744 "/usr/include/unistd.h" 3 4
# 1 "/usr/include/getopt.h" 1 3 4
# 47 "/usr/include/getopt.h" 3 4
extern char *optarg;
# 61 "/usr/include/getopt.h" 3 4
extern int optind;




extern int opterr;



extern int optopt;
# 145 "/usr/include/getopt.h" 3 4
extern int getopt (int ___argc, char *const *___argv, const char *__shortopts);
# 745 "/usr/include/unistd.h" 2 3 4







extern int gethostname (char *__name, size_t __len) ;






extern int sethostname (__const char *__name, size_t __len) ;



extern int sethostid (long int __id) ;





extern int getdomainname (char *__name, size_t __len) ;
extern int setdomainname (__const char *__name, size_t __len) ;





extern int vhangup (void) ;


extern int revoke (__const char *__file) ;







extern int profil (unsigned short int *__sample_buffer, size_t __size,
                   size_t __offset, unsigned int __scale) ;





extern int acct (__const char *__name) ;



extern char *getusershell (void) ;
extern void endusershell (void) ;
extern void setusershell (void) ;





extern int daemon (int __nochdir, int __noclose) ;






extern int chroot (__const char *__path) ;



extern char *getpass (__const char *__prompt) ;





extern int fsync (int __fd) ;






extern long int gethostid (void) ;


extern void sync (void) ;




extern int getpagesize (void) __attribute__ ((__const__));




extern int truncate (__const char *__file, __off_t __length) ;
# 859 "/usr/include/unistd.h" 3 4
extern int ftruncate (int __fd, __off_t __length) ;
# 875 "/usr/include/unistd.h" 3 4
extern int getdtablesize (void) ;
# 884 "/usr/include/unistd.h" 3 4
extern int brk (void *__addr) ;





extern void *sbrk (intptr_t __delta) ;
# 905 "/usr/include/unistd.h" 3 4
extern long int syscall (long int __sysno, ...) ;
# 956 "/usr/include/unistd.h" 3 4
extern int fdatasync (int __fildes) ;
# 1001 "/usr/include/unistd.h" 3 4
extern int pthread_atfork (void (*__prepare) (void),
                           void (*__parent) (void),
                           void (*__child) (void)) ;



# 18 "can_send.c" 2
# 1 "/usr/include/stdio.h" 1 3 4
# 30 "/usr/include/stdio.h" 3 4




# 1 "/usr/lib/gcc-lib/i486-suse-linux/3.3/include/stddef.h" 1 3 4
# 35 "/usr/include/stdio.h" 2 3 4
# 44 "/usr/include/stdio.h" 3 4


typedef struct _IO_FILE FILE;





# 62 "/usr/include/stdio.h" 3 4
typedef struct _IO_FILE __FILE;
# 72 "/usr/include/stdio.h" 3 4
# 1 "/usr/include/libio.h" 1 3 4
# 32 "/usr/include/libio.h" 3 4
# 1 "/usr/include/_G_config.h" 1 3 4
# 14 "/usr/include/_G_config.h" 3 4
# 1 "/usr/lib/gcc-lib/i486-suse-linux/3.3/include/stddef.h" 1 3 4
# 325 "/usr/lib/gcc-lib/i486-suse-linux/3.3/include/stddef.h" 3 4
typedef long int wchar_t;
# 354 "/usr/lib/gcc-lib/i486-suse-linux/3.3/include/stddef.h" 3 4
typedef unsigned int wint_t;
# 15 "/usr/include/_G_config.h" 2 3 4
# 24 "/usr/include/_G_config.h" 3 4
# 1 "/usr/include/wchar.h" 1 3 4
# 48 "/usr/include/wchar.h" 3 4
# 1 "/usr/lib/gcc-lib/i486-suse-linux/3.3/include/stddef.h" 1 3 4
# 49 "/usr/include/wchar.h" 2 3 4

# 1 "/usr/include/bits/wchar.h" 1 3 4
# 51 "/usr/include/wchar.h" 2 3 4
# 71 "/usr/include/wchar.h" 3 4
typedef struct
{
  int __count;
  union
  {
    wint_t __wch;
    char __wchb[4];
  } __value;
} __mbstate_t;
# 25 "/usr/include/_G_config.h" 2 3 4

typedef struct
{
  __off_t __pos;
  __mbstate_t __state;
} _G_fpos_t;
typedef struct
{
  __off64_t __pos;
  __mbstate_t __state;
} _G_fpos64_t;
# 44 "/usr/include/_G_config.h" 3 4
# 1 "/usr/include/gconv.h" 1 3 4
# 28 "/usr/include/gconv.h" 3 4
# 1 "/usr/include/wchar.h" 1 3 4
# 48 "/usr/include/wchar.h" 3 4
# 1 "/usr/lib/gcc-lib/i486-suse-linux/3.3/include/stddef.h" 1 3 4
# 49 "/usr/include/wchar.h" 2 3 4
# 29 "/usr/include/gconv.h" 2 3 4


# 1 "/usr/lib/gcc-lib/i486-suse-linux/3.3/include/stddef.h" 1 3 4
# 32 "/usr/include/gconv.h" 2 3 4





enum
{
  __GCONV_OK = 0,
  __GCONV_NOCONV,
  __GCONV_NODB,
  __GCONV_NOMEM,

  __GCONV_EMPTY_INPUT,
  __GCONV_FULL_OUTPUT,
  __GCONV_ILLEGAL_INPUT,
  __GCONV_INCOMPLETE_INPUT,

  __GCONV_ILLEGAL_DESCRIPTOR,
  __GCONV_INTERNAL_ERROR
};



enum
{
  __GCONV_IS_LAST = 0x0001,
  __GCONV_IGNORE_ERRORS = 0x0002
};



struct __gconv_step;
struct __gconv_step_data;
struct __gconv_loaded_object;
struct __gconv_trans_data;



typedef int (*__gconv_fct) (struct __gconv_step *, struct __gconv_step_data *,
                            __const unsigned char **, __const unsigned char *,
                            unsigned char **, size_t *, int, int);


typedef wint_t (*__gconv_btowc_fct) (struct __gconv_step *, unsigned char);


typedef int (*__gconv_init_fct) (struct __gconv_step *);
typedef void (*__gconv_end_fct) (struct __gconv_step *);



typedef int (*__gconv_trans_fct) (struct __gconv_step *,
                                  struct __gconv_step_data *, void *,
                                  __const unsigned char *,
                                  __const unsigned char **,
                                  __const unsigned char *, unsigned char **,
                                  size_t *);


typedef int (*__gconv_trans_context_fct) (void *, __const unsigned char *,
                                          __const unsigned char *,
                                          unsigned char *, unsigned char *);


typedef int (*__gconv_trans_query_fct) (__const char *, __const char ***,
                                        size_t *);


typedef int (*__gconv_trans_init_fct) (void **, const char *);
typedef void (*__gconv_trans_end_fct) (void *);

struct __gconv_trans_data
{

  __gconv_trans_fct __trans_fct;
  __gconv_trans_context_fct __trans_context_fct;
  __gconv_trans_end_fct __trans_end_fct;
  void *__data;
  struct __gconv_trans_data *__next;
};



struct __gconv_step
{
  struct __gconv_loaded_object *__shlib_handle;
  __const char *__modname;

  int __counter;

  char *__from_name;
  char *__to_name;

  __gconv_fct __fct;
  __gconv_btowc_fct __btowc_fct;
  __gconv_init_fct __init_fct;
  __gconv_end_fct __end_fct;



  int __min_needed_from;
  int __max_needed_from;
  int __min_needed_to;
  int __max_needed_to;


  int __stateful;

  void *__data;
};



struct __gconv_step_data
{
  unsigned char *__outbuf;
  unsigned char *__outbufend;



  int __flags;



  int __invocation_counter;



  int __internal_use;

  __mbstate_t *__statep;
  __mbstate_t __state;



  struct __gconv_trans_data *__trans;
};



typedef struct __gconv_info
{
  size_t __nsteps;
  struct __gconv_step *__steps;
  __extension__ struct __gconv_step_data __data [];
} *__gconv_t;
# 45 "/usr/include/_G_config.h" 2 3 4
typedef union
{
  struct __gconv_info __cd;
  struct
  {
    struct __gconv_info __cd;
    struct __gconv_step_data __data;
  } __combined;
} _G_iconv_t;

typedef int _G_int16_t __attribute__ ((__mode__ (__HI__)));
typedef int _G_int32_t __attribute__ ((__mode__ (__SI__)));
typedef unsigned int _G_uint16_t __attribute__ ((__mode__ (__HI__)));
typedef unsigned int _G_uint32_t __attribute__ ((__mode__ (__SI__)));
# 33 "/usr/include/libio.h" 2 3 4
# 53 "/usr/include/libio.h" 3 4
# 1 "/usr/lib/gcc-lib/i486-suse-linux/3.3/include/stdarg.h" 1 3 4
# 43 "/usr/lib/gcc-lib/i486-suse-linux/3.3/include/stdarg.h" 3 4
typedef __builtin_va_list __gnuc_va_list;
# 54 "/usr/include/libio.h" 2 3 4
# 162 "/usr/include/libio.h" 3 4
struct _IO_jump_t; struct _IO_FILE;
# 172 "/usr/include/libio.h" 3 4
typedef void _IO_lock_t;





struct _IO_marker {
  struct _IO_marker *_next;
  struct _IO_FILE *_sbuf;



  int _pos;
# 195 "/usr/include/libio.h" 3 4
};


enum __codecvt_result
{
  __codecvt_ok,
  __codecvt_partial,
  __codecvt_error,
  __codecvt_noconv
};
# 263 "/usr/include/libio.h" 3 4
struct _IO_FILE {
  int _flags;




  char* _IO_read_ptr;
  char* _IO_read_end;
  char* _IO_read_base;
  char* _IO_write_base;
  char* _IO_write_ptr;
  char* _IO_write_end;
  char* _IO_buf_base;
  char* _IO_buf_end;

  char *_IO_save_base;
  char *_IO_backup_base;
  char *_IO_save_end;

  struct _IO_marker *_markers;

  struct _IO_FILE *_chain;

  int _fileno;



  int _flags2;

  __off_t _old_offset;



  unsigned short _cur_column;
  signed char _vtable_offset;
  char _shortbuf[1];



  _IO_lock_t *_lock;
# 311 "/usr/include/libio.h" 3 4
  __off64_t _offset;





  void *__pad1;
  void *__pad2;

  int _mode;

  char _unused2[15 * sizeof (int) - 2 * sizeof (void *)];

};


typedef struct _IO_FILE _IO_FILE;


struct _IO_FILE_plus;

extern struct _IO_FILE_plus _IO_2_1_stdin_;
extern struct _IO_FILE_plus _IO_2_1_stdout_;
extern struct _IO_FILE_plus _IO_2_1_stderr_;
# 350 "/usr/include/libio.h" 3 4
typedef __ssize_t __io_read_fn (void *__cookie, char *__buf, size_t __nbytes);







typedef __ssize_t __io_write_fn (void *__cookie, __const char *__buf,
                                 size_t __n);







typedef int __io_seek_fn (void *__cookie, __off64_t *__pos, int __w);


typedef int __io_close_fn (void *__cookie);
# 402 "/usr/include/libio.h" 3 4
extern int __underflow (_IO_FILE *) ;
extern int __uflow (_IO_FILE *) ;
extern int __overflow (_IO_FILE *, int) ;
extern wint_t __wunderflow (_IO_FILE *) ;
extern wint_t __wuflow (_IO_FILE *) ;
extern wint_t __woverflow (_IO_FILE *, wint_t) ;
# 432 "/usr/include/libio.h" 3 4
extern int _IO_getc (_IO_FILE *__fp) ;
extern int _IO_putc (int __c, _IO_FILE *__fp) ;
extern int _IO_feof (_IO_FILE *__fp) ;
extern int _IO_ferror (_IO_FILE *__fp) ;

extern int _IO_peekc_locked (_IO_FILE *__fp) ;





extern void _IO_flockfile (_IO_FILE *) ;
extern void _IO_funlockfile (_IO_FILE *) ;
extern int _IO_ftrylockfile (_IO_FILE *) ;
# 462 "/usr/include/libio.h" 3 4
extern int _IO_vfscanf (_IO_FILE * __restrict, const char * __restrict,
                        __gnuc_va_list, int *__restrict) ;
extern int _IO_vfprintf (_IO_FILE *__restrict, const char *__restrict,
                         __gnuc_va_list) ;
extern __ssize_t _IO_padn (_IO_FILE *, int, __ssize_t) ;
extern size_t _IO_sgetn (_IO_FILE *, void *, size_t) ;

extern __off64_t _IO_seekoff (_IO_FILE *, __off64_t, int, int) ;
extern __off64_t _IO_seekpos (_IO_FILE *, __off64_t, int) ;

extern void _IO_free_backup_area (_IO_FILE *) ;
# 73 "/usr/include/stdio.h" 2 3 4
# 86 "/usr/include/stdio.h" 3 4


typedef _G_fpos_t fpos_t;




# 138 "/usr/include/stdio.h" 3 4
# 1 "/usr/include/bits/stdio_lim.h" 1 3 4
# 139 "/usr/include/stdio.h" 2 3 4



extern struct _IO_FILE *stdin;
extern struct _IO_FILE *stdout;
extern struct _IO_FILE *stderr;







extern int remove (__const char *__filename) ;

extern int rename (__const char *__old, __const char *__new) ;






extern FILE *tmpfile (void) ;
# 171 "/usr/include/stdio.h" 3 4
extern char *tmpnam (char *__s) ;

# 181 "/usr/include/stdio.h" 3 4
extern char *tmpnam_r (char *__s) ;
# 193 "/usr/include/stdio.h" 3 4
extern char *tempnam (__const char *__dir, __const char *__pfx)
     __attribute__ ((__malloc__));





extern int fclose (FILE *__stream) ;

extern int fflush (FILE *__stream) ;




extern int fflush_unlocked (FILE *__stream) ;
# 216 "/usr/include/stdio.h" 3 4



extern FILE *fopen (__const char *__restrict __filename,
                    __const char *__restrict __modes) ;

extern FILE *freopen (__const char *__restrict __filename,
                      __const char *__restrict __modes,
                      FILE *__restrict __stream) ;
# 239 "/usr/include/stdio.h" 3 4

# 250 "/usr/include/stdio.h" 3 4
extern FILE *fdopen (int __fd, __const char *__modes) ;
# 271 "/usr/include/stdio.h" 3 4



extern void setbuf (FILE *__restrict __stream, char *__restrict __buf) ;



extern int setvbuf (FILE *__restrict __stream, char *__restrict __buf,
                    int __modes, size_t __n) ;





extern void setbuffer (FILE *__restrict __stream, char *__restrict __buf,
                       size_t __size) ;


extern void setlinebuf (FILE *__stream) ;





extern int fprintf (FILE *__restrict __stream,
                    __const char *__restrict __format, ...) ;

extern int printf (__const char *__restrict __format, ...) ;

extern int sprintf (char *__restrict __s,
                    __const char *__restrict __format, ...) ;


extern int vfprintf (FILE *__restrict __s, __const char *__restrict __format,
                     __gnuc_va_list __arg) ;

extern int vprintf (__const char *__restrict __format, __gnuc_va_list __arg)
     ;

extern int vsprintf (char *__restrict __s, __const char *__restrict __format,
                     __gnuc_va_list __arg) ;





extern int snprintf (char *__restrict __s, size_t __maxlen,
                     __const char *__restrict __format, ...)
     __attribute__ ((__format__ (__printf__, 3, 4)));

extern int vsnprintf (char *__restrict __s, size_t __maxlen,
                      __const char *__restrict __format, __gnuc_va_list __arg)
     __attribute__ ((__format__ (__printf__, 3, 0)));

# 349 "/usr/include/stdio.h" 3 4


extern int fscanf (FILE *__restrict __stream,
                   __const char *__restrict __format, ...) ;

extern int scanf (__const char *__restrict __format, ...) ;

extern int sscanf (__const char *__restrict __s,
                   __const char *__restrict __format, ...) ;

# 379 "/usr/include/stdio.h" 3 4


extern int fgetc (FILE *__stream) ;
extern int getc (FILE *__stream) ;


extern int getchar (void) ;








extern int getc_unlocked (FILE *__stream) ;
extern int getchar_unlocked (void) ;




extern int fgetc_unlocked (FILE *__stream) ;





extern int fputc (int __c, FILE *__stream) ;
extern int putc (int __c, FILE *__stream) ;


extern int putchar (int __c) ;








extern int fputc_unlocked (int __c, FILE *__stream) ;




extern int putc_unlocked (int __c, FILE *__stream) ;
extern int putchar_unlocked (int __c) ;





extern int getw (FILE *__stream) ;


extern int putw (int __w, FILE *__stream) ;





extern char *fgets (char *__restrict __s, int __n, FILE *__restrict __stream)
     ;



extern char *gets (char *__s) ;

# 475 "/usr/include/stdio.h" 3 4


extern int fputs (__const char *__restrict __s, FILE *__restrict __stream)
     ;


extern int puts (__const char *__s) ;



extern int ungetc (int __c, FILE *__stream) ;



extern size_t fread (void *__restrict __ptr, size_t __size,
                     size_t __n, FILE *__restrict __stream) ;

extern size_t fwrite (__const void *__restrict __ptr, size_t __size,
                      size_t __n, FILE *__restrict __s) ;

# 504 "/usr/include/stdio.h" 3 4
extern size_t fread_unlocked (void *__restrict __ptr, size_t __size,
                              size_t __n, FILE *__restrict __stream) ;
extern size_t fwrite_unlocked (__const void *__restrict __ptr, size_t __size,
                               size_t __n, FILE *__restrict __stream) ;





extern int fseek (FILE *__stream, long int __off, int __whence) ;

extern long int ftell (FILE *__stream) ;

extern void rewind (FILE *__stream) ;

# 544 "/usr/include/stdio.h" 3 4



extern int fgetpos (FILE *__restrict __stream, fpos_t *__restrict __pos)
     ;

extern int fsetpos (FILE *__stream, __const fpos_t *__pos) ;
# 563 "/usr/include/stdio.h" 3 4

# 573 "/usr/include/stdio.h" 3 4


extern void clearerr (FILE *__stream) ;

extern int feof (FILE *__stream) ;

extern int ferror (FILE *__stream) ;




extern void clearerr_unlocked (FILE *__stream) ;
extern int feof_unlocked (FILE *__stream) ;
extern int ferror_unlocked (FILE *__stream) ;





extern void perror (__const char *__s) ;






# 1 "/usr/include/bits/sys_errlist.h" 1 3 4
# 27 "/usr/include/bits/sys_errlist.h" 3 4
extern int sys_nerr;
extern __const char *__const sys_errlist[];
# 600 "/usr/include/stdio.h" 2 3 4




extern int fileno (FILE *__stream) ;




extern int fileno_unlocked (FILE *__stream) ;






extern FILE *popen (__const char *__command, __const char *__modes) ;


extern int pclose (FILE *__stream) ;





extern char *ctermid (char *__s) ;
# 653 "/usr/include/stdio.h" 3 4
extern void flockfile (FILE *__stream) ;



extern int ftrylockfile (FILE *__stream) ;


extern void funlockfile (FILE *__stream) ;
# 677 "/usr/include/stdio.h" 3 4

# 19 "can_send.c" 2
# 1 "/usr/include/stdlib.h" 1 3 4
# 33 "/usr/include/stdlib.h" 3 4
# 1 "/usr/lib/gcc-lib/i486-suse-linux/3.3/include/stddef.h" 1 3 4
# 34 "/usr/include/stdlib.h" 2 3 4


# 93 "/usr/include/stdlib.h" 3 4


typedef struct
  {
    int quot;
    int rem;
  } div_t;



typedef struct
  {
    long int quot;
    long int rem;
  } ldiv_t;



# 137 "/usr/include/stdlib.h" 3 4
extern size_t __ctype_get_mb_cur_max (void) ;




extern double atof (__const char *__nptr) __attribute__ ((__pure__));

extern int atoi (__const char *__nptr) __attribute__ ((__pure__));

extern long int atol (__const char *__nptr) __attribute__ ((__pure__));





__extension__ extern long long int atoll (__const char *__nptr)
     __attribute__ ((__pure__));





extern double strtod (__const char *__restrict __nptr,
                      char **__restrict __endptr) ;

# 174 "/usr/include/stdlib.h" 3 4


extern long int strtol (__const char *__restrict __nptr,
                        char **__restrict __endptr, int __base) ;

extern unsigned long int strtoul (__const char *__restrict __nptr,
                                  char **__restrict __endptr, int __base)
     ;




__extension__
extern long long int strtoq (__const char *__restrict __nptr,
                             char **__restrict __endptr, int __base) ;

__extension__
extern unsigned long long int strtouq (__const char *__restrict __nptr,
                                       char **__restrict __endptr, int __base)
     ;





__extension__
extern long long int strtoll (__const char *__restrict __nptr,
                              char **__restrict __endptr, int __base) ;

__extension__
extern unsigned long long int strtoull (__const char *__restrict __nptr,
                                        char **__restrict __endptr, int __base)
     ;

# 264 "/usr/include/stdlib.h" 3 4
extern double __strtod_internal (__const char *__restrict __nptr,
                                 char **__restrict __endptr, int __group)
     ;
extern float __strtof_internal (__const char *__restrict __nptr,
                                char **__restrict __endptr, int __group)
     ;
extern long double __strtold_internal (__const char *__restrict __nptr,
                                       char **__restrict __endptr,
                                       int __group) ;

extern long int __strtol_internal (__const char *__restrict __nptr,
                                   char **__restrict __endptr,
                                   int __base, int __group) ;



extern unsigned long int __strtoul_internal (__const char *__restrict __nptr,
                                             char **__restrict __endptr,
                                             int __base, int __group) ;




__extension__
extern long long int __strtoll_internal (__const char *__restrict __nptr,
                                         char **__restrict __endptr,
                                         int __base, int __group) ;



__extension__
extern unsigned long long int __strtoull_internal (__const char *
                                                   __restrict __nptr,
                                                   char **__restrict __endptr,
                                                   int __base, int __group)
     ;
# 408 "/usr/include/stdlib.h" 3 4
extern char *l64a (long int __n) ;


extern long int a64l (__const char *__s) __attribute__ ((__pure__));
# 421 "/usr/include/stdlib.h" 3 4
extern long int random (void) ;


extern void srandom (unsigned int __seed) ;





extern char *initstate (unsigned int __seed, char *__statebuf,
                        size_t __statelen) ;



extern char *setstate (char *__statebuf) ;







struct random_data
  {
    int32_t *fptr;
    int32_t *rptr;
    int32_t *state;
    int rand_type;
    int rand_deg;
    int rand_sep;
    int32_t *end_ptr;
  };

extern int random_r (struct random_data *__restrict __buf,
                     int32_t *__restrict __result) ;

extern int srandom_r (unsigned int __seed, struct random_data *__buf) ;

extern int initstate_r (unsigned int __seed, char *__restrict __statebuf,
                        size_t __statelen,
                        struct random_data *__restrict __buf) ;

extern int setstate_r (char *__restrict __statebuf,
                       struct random_data *__restrict __buf) ;






extern int rand (void) ;

extern void srand (unsigned int __seed) ;




extern int rand_r (unsigned int *__seed) ;







extern double drand48 (void) ;
extern double erand48 (unsigned short int __xsubi[3]) ;


extern long int lrand48 (void) ;
extern long int nrand48 (unsigned short int __xsubi[3]) ;


extern long int mrand48 (void) ;
extern long int jrand48 (unsigned short int __xsubi[3]) ;


extern void srand48 (long int __seedval) ;
extern unsigned short int *seed48 (unsigned short int __seed16v[3]) ;
extern void lcong48 (unsigned short int __param[7]) ;





struct drand48_data
  {
    unsigned short int __x[3];
    unsigned short int __old_x[3];
    unsigned short int __c;
    unsigned short int __init;
    unsigned long long int __a;
  };


extern int drand48_r (struct drand48_data *__restrict __buffer,
                      double *__restrict __result) ;
extern int erand48_r (unsigned short int __xsubi[3],
                      struct drand48_data *__restrict __buffer,
                      double *__restrict __result) ;


extern int lrand48_r (struct drand48_data *__restrict __buffer,
                      long int *__restrict __result) ;
extern int nrand48_r (unsigned short int __xsubi[3],
                      struct drand48_data *__restrict __buffer,
                      long int *__restrict __result) ;


extern int mrand48_r (struct drand48_data *__restrict __buffer,
                      long int *__restrict __result) ;
extern int jrand48_r (unsigned short int __xsubi[3],
                      struct drand48_data *__restrict __buffer,
                      long int *__restrict __result) ;


extern int srand48_r (long int __seedval, struct drand48_data *__buffer)
     ;

extern int seed48_r (unsigned short int __seed16v[3],
                     struct drand48_data *__buffer) ;

extern int lcong48_r (unsigned short int __param[7],
                      struct drand48_data *__buffer) ;









extern void *malloc (size_t __size) __attribute__ ((__malloc__));

extern void *calloc (size_t __nmemb, size_t __size)
     __attribute__ ((__malloc__));







extern void *realloc (void *__ptr, size_t __size) __attribute__ ((__malloc__));

extern void free (void *__ptr) ;




extern void cfree (void *__ptr) ;



# 1 "/usr/include/alloca.h" 1 3 4
# 25 "/usr/include/alloca.h" 3 4
# 1 "/usr/lib/gcc-lib/i486-suse-linux/3.3/include/stddef.h" 1 3 4
# 26 "/usr/include/alloca.h" 2 3 4







extern void *alloca (size_t __size) ;






# 577 "/usr/include/stdlib.h" 2 3 4




extern void *valloc (size_t __size) __attribute__ ((__malloc__));
# 590 "/usr/include/stdlib.h" 3 4


extern void abort (void) __attribute__ ((__noreturn__));



extern int atexit (void (*__func) (void)) ;





extern int on_exit (void (*__func) (int __status, void *__arg), void *__arg)
     ;






extern void exit (int __status) __attribute__ ((__noreturn__));

# 622 "/usr/include/stdlib.h" 3 4


extern char *getenv (__const char *__name) ;




extern char *__secure_getenv (__const char *__name) ;





extern int putenv (char *__string) ;





extern int setenv (__const char *__name, __const char *__value, int __replace)
     ;


extern int unsetenv (__const char *__name) ;






extern int clearenv (void) ;
# 661 "/usr/include/stdlib.h" 3 4
extern char *mktemp (char *__template) ;







extern int mkstemp (char *__template) ;
# 688 "/usr/include/stdlib.h" 3 4
extern char *mkdtemp (char *__template) ;





extern int system (__const char *__command) ;

# 712 "/usr/include/stdlib.h" 3 4
extern char *realpath (__const char *__restrict __name,
                       char *__restrict __resolved) ;






typedef int (*__compar_fn_t) (__const void *, __const void *);









extern void *bsearch (__const void *__key, __const void *__base,
                      size_t __nmemb, size_t __size, __compar_fn_t __compar);



extern void qsort (void *__base, size_t __nmemb, size_t __size,
                   __compar_fn_t __compar);



extern int abs (int __x) __attribute__ ((__const__));
extern long int labs (long int __x) __attribute__ ((__const__));












extern div_t div (int __numer, int __denom)
     __attribute__ ((__const__));
extern ldiv_t ldiv (long int __numer, long int __denom)
     __attribute__ ((__const__));

# 776 "/usr/include/stdlib.h" 3 4
extern char *ecvt (double __value, int __ndigit, int *__restrict __decpt,
                   int *__restrict __sign) ;




extern char *fcvt (double __value, int __ndigit, int *__restrict __decpt,
                   int *__restrict __sign) ;




extern char *gcvt (double __value, int __ndigit, char *__buf) ;




extern char *qecvt (long double __value, int __ndigit,
                    int *__restrict __decpt, int *__restrict __sign) ;
extern char *qfcvt (long double __value, int __ndigit,
                    int *__restrict __decpt, int *__restrict __sign) ;
extern char *qgcvt (long double __value, int __ndigit, char *__buf) ;




extern int ecvt_r (double __value, int __ndigit, int *__restrict __decpt,
                   int *__restrict __sign, char *__restrict __buf,
                   size_t __len) ;
extern int fcvt_r (double __value, int __ndigit, int *__restrict __decpt,
                   int *__restrict __sign, char *__restrict __buf,
                   size_t __len) ;

extern int qecvt_r (long double __value, int __ndigit,
                    int *__restrict __decpt, int *__restrict __sign,
                    char *__restrict __buf, size_t __len) ;
extern int qfcvt_r (long double __value, int __ndigit,
                    int *__restrict __decpt, int *__restrict __sign,
                    char *__restrict __buf, size_t __len) ;







extern int mblen (__const char *__s, size_t __n) ;


extern int mbtowc (wchar_t *__restrict __pwc,
                   __const char *__restrict __s, size_t __n) ;


extern int wctomb (char *__s, wchar_t __wchar) ;



extern size_t mbstowcs (wchar_t *__restrict __pwcs,
                        __const char *__restrict __s, size_t __n) ;

extern size_t wcstombs (char *__restrict __s,
                        __const wchar_t *__restrict __pwcs, size_t __n)
     ;








extern int rpmatch (__const char *__response) ;
# 908 "/usr/include/stdlib.h" 3 4
extern int getloadavg (double __loadavg[], int __nelem) ;






# 20 "can_send.c" 2
# 1 "/usr/include/string.h" 1 3 4
# 28 "/usr/include/string.h" 3 4





# 1 "/usr/lib/gcc-lib/i486-suse-linux/3.3/include/stddef.h" 1 3 4
# 34 "/usr/include/string.h" 2 3 4




extern void *memcpy (void *__restrict __dest,
                     __const void *__restrict __src, size_t __n) ;


extern void *memmove (void *__dest, __const void *__src, size_t __n)
     ;






extern void *memccpy (void *__restrict __dest, __const void *__restrict __src,
                      int __c, size_t __n)
     ;





extern void *memset (void *__s, int __c, size_t __n) ;


extern int memcmp (__const void *__s1, __const void *__s2, size_t __n)
     __attribute__ ((__pure__));


extern void *memchr (__const void *__s, int __c, size_t __n)
      __attribute__ ((__pure__));

# 80 "/usr/include/string.h" 3 4


extern char *strcpy (char *__restrict __dest, __const char *__restrict __src)
     ;

extern char *strncpy (char *__restrict __dest,
                      __const char *__restrict __src, size_t __n) ;


extern char *strcat (char *__restrict __dest, __const char *__restrict __src)
     ;

extern char *strncat (char *__restrict __dest, __const char *__restrict __src,
                      size_t __n) ;


extern int strcmp (__const char *__s1, __const char *__s2)
     __attribute__ ((__pure__));

extern int strncmp (__const char *__s1, __const char *__s2, size_t __n)
     __attribute__ ((__pure__));


extern int strcoll (__const char *__s1, __const char *__s2)
     __attribute__ ((__pure__));

extern size_t strxfrm (char *__restrict __dest,
                       __const char *__restrict __src, size_t __n) ;

# 126 "/usr/include/string.h" 3 4
extern char *strdup (__const char *__s) __attribute__ ((__malloc__));
# 160 "/usr/include/string.h" 3 4


extern char *strchr (__const char *__s, int __c) __attribute__ ((__pure__));

extern char *strrchr (__const char *__s, int __c) __attribute__ ((__pure__));











extern size_t strcspn (__const char *__s, __const char *__reject)
     __attribute__ ((__pure__));


extern size_t strspn (__const char *__s, __const char *__accept)
     __attribute__ ((__pure__));

extern char *strpbrk (__const char *__s, __const char *__accept)
     __attribute__ ((__pure__));

extern char *strstr (__const char *__haystack, __const char *__needle)
     __attribute__ ((__pure__));



extern char *strtok (char *__restrict __s, __const char *__restrict __delim)
     ;




extern char *__strtok_r (char *__restrict __s,
                         __const char *__restrict __delim,
                         char **__restrict __save_ptr) ;

extern char *strtok_r (char *__restrict __s, __const char *__restrict __delim,
                       char **__restrict __save_ptr) ;
# 228 "/usr/include/string.h" 3 4


extern size_t strlen (__const char *__s) __attribute__ ((__pure__));

# 241 "/usr/include/string.h" 3 4


extern char *strerror (int __errnum) ;




extern char *strerror_r (int __errnum, char *__buf, size_t __buflen) ;




extern void __bzero (void *__s, size_t __n) ;



extern void bcopy (__const void *__src, void *__dest, size_t __n) ;


extern void bzero (void *__s, size_t __n) ;


extern int bcmp (__const void *__s1, __const void *__s2, size_t __n)
     __attribute__ ((__pure__));


extern char *index (__const char *__s, int __c) __attribute__ ((__pure__));


extern char *rindex (__const char *__s, int __c) __attribute__ ((__pure__));



extern int ffs (int __i) __attribute__ ((__const__));
# 287 "/usr/include/string.h" 3 4
extern int strcasecmp (__const char *__s1, __const char *__s2)
     __attribute__ ((__pure__));


extern int strncasecmp (__const char *__s1, __const char *__s2, size_t __n)
     __attribute__ ((__pure__));
# 309 "/usr/include/string.h" 3 4
extern char *strsep (char **__restrict __stringp,
                     __const char *__restrict __delim) ;
# 379 "/usr/include/string.h" 3 4

# 21 "can_send.c" 2
# 1 "/usr/include/signal.h" 1 3 4
# 31 "/usr/include/signal.h" 3 4


# 1 "/usr/include/bits/sigset.h" 1 3 4
# 103 "/usr/include/bits/sigset.h" 3 4
extern int __sigismember (__const __sigset_t *, int);
extern int __sigaddset (__sigset_t *, int);
extern int __sigdelset (__sigset_t *, int);
# 34 "/usr/include/signal.h" 2 3 4







typedef __sig_atomic_t sig_atomic_t;

# 58 "/usr/include/signal.h" 3 4
# 1 "/usr/include/bits/signum.h" 1 3 4
# 59 "/usr/include/signal.h" 2 3 4
# 73 "/usr/include/signal.h" 3 4
typedef void (*__sighandler_t) (int);




extern __sighandler_t __sysv_signal (int __sig, __sighandler_t __handler)
     ;
# 88 "/usr/include/signal.h" 3 4


extern __sighandler_t signal (int __sig, __sighandler_t __handler) ;
# 102 "/usr/include/signal.h" 3 4

# 114 "/usr/include/signal.h" 3 4
extern int kill (__pid_t __pid, int __sig) ;






extern int killpg (__pid_t __pgrp, int __sig) ;




extern int raise (int __sig) ;




extern __sighandler_t ssignal (int __sig, __sighandler_t __handler) ;
extern int gsignal (int __sig) ;




extern void psignal (int __sig, __const char *__s) ;
# 146 "/usr/include/signal.h" 3 4
extern int __sigpause (int __sig_or_mask, int __is_sig) ;




extern int sigpause (int __mask) ;
# 174 "/usr/include/signal.h" 3 4
extern int sigblock (int __mask) ;


extern int sigsetmask (int __mask) ;


extern int siggetmask (void) ;
# 194 "/usr/include/signal.h" 3 4
typedef __sighandler_t sig_t;







# 1 "/usr/include/time.h" 1 3 4
# 203 "/usr/include/signal.h" 2 3 4


# 1 "/usr/include/bits/siginfo.h" 1 3 4
# 25 "/usr/include/bits/siginfo.h" 3 4
# 1 "/usr/include/bits/wordsize.h" 1 3 4
# 26 "/usr/include/bits/siginfo.h" 2 3 4







typedef union sigval
  {
    int sival_int;
    void *sival_ptr;
  } sigval_t;
# 51 "/usr/include/bits/siginfo.h" 3 4
typedef struct siginfo
  {
    int si_signo;
    int si_errno;

    int si_code;

    union
      {
        int _pad[((128 / sizeof (int)) - 3)];


        struct
          {
            __pid_t si_pid;
            __uid_t si_uid;
          } _kill;


        struct
          {
            unsigned int _timer1;
            unsigned int _timer2;
          } _timer;


        struct
          {
            __pid_t si_pid;
            __uid_t si_uid;
            sigval_t si_sigval;
          } _rt;


        struct
          {
            __pid_t si_pid;
            __uid_t si_uid;
            int si_status;
            __clock_t si_utime;
            __clock_t si_stime;
          } _sigchld;


        struct
          {
            void *si_addr;
          } _sigfault;


        struct
          {
            long int si_band;
            int si_fd;
          } _sigpoll;
      } _sifields;
  } siginfo_t;
# 128 "/usr/include/bits/siginfo.h" 3 4
enum
{
  SI_ASYNCNL = -6,

  SI_SIGIO,

  SI_ASYNCIO,

  SI_MESGQ,

  SI_TIMER,

  SI_QUEUE,

  SI_USER,

  SI_KERNEL = 0x80

};



enum
{
  ILL_ILLOPC = 1,

  ILL_ILLOPN,

  ILL_ILLADR,

  ILL_ILLTRP,

  ILL_PRVOPC,

  ILL_PRVREG,

  ILL_COPROC,

  ILL_BADSTK

};


enum
{
  FPE_INTDIV = 1,

  FPE_INTOVF,

  FPE_FLTDIV,

  FPE_FLTOVF,

  FPE_FLTUND,

  FPE_FLTRES,

  FPE_FLTINV,

  FPE_FLTSUB

};


enum
{
  SEGV_MAPERR = 1,

  SEGV_ACCERR

};


enum
{
  BUS_ADRALN = 1,

  BUS_ADRERR,

  BUS_OBJERR

};


enum
{
  TRAP_BRKPT = 1,

  TRAP_TRACE

};


enum
{
  CLD_EXITED = 1,

  CLD_KILLED,

  CLD_DUMPED,

  CLD_TRAPPED,

  CLD_STOPPED,

  CLD_CONTINUED

};


enum
{
  POLL_IN = 1,

  POLL_OUT,

  POLL_MSG,

  POLL_ERR,

  POLL_PRI,

  POLL_HUP

};
# 271 "/usr/include/bits/siginfo.h" 3 4
struct __pthread_attr_s;

typedef struct sigevent
  {
    sigval_t sigev_value;
    int sigev_signo;
    int sigev_notify;

    union
      {
        int _pad[((64 / sizeof (int)) - 3)];

        struct
          {
            void (*_function) (sigval_t);
            void *_attribute;
          } _sigev_thread;
      } _sigev_un;
  } sigevent_t;






enum
{
  SIGEV_SIGNAL = 0,

  SIGEV_NONE,

  SIGEV_THREAD

};
# 206 "/usr/include/signal.h" 2 3 4



extern int sigemptyset (sigset_t *__set) ;


extern int sigfillset (sigset_t *__set) ;


extern int sigaddset (sigset_t *__set, int __signo) ;


extern int sigdelset (sigset_t *__set, int __signo) ;


extern int sigismember (__const sigset_t *__set, int __signo) ;
# 238 "/usr/include/signal.h" 3 4
# 1 "/usr/include/bits/sigaction.h" 1 3 4
# 25 "/usr/include/bits/sigaction.h" 3 4
struct sigaction
  {


    union
      {

        __sighandler_t sa_handler;

        void (*sa_sigaction) (int, siginfo_t *, void *);
      }
    __sigaction_handler;







    __sigset_t sa_mask;


    int sa_flags;


    void (*sa_restorer) (void);
  };
# 239 "/usr/include/signal.h" 2 3 4


extern int sigprocmask (int __how, __const sigset_t *__restrict __set,
                        sigset_t *__restrict __oset) ;



extern int sigsuspend (__const sigset_t *__set) ;


extern int sigaction (int __sig, __const struct sigaction *__restrict __act,
                      struct sigaction *__restrict __oact) ;


extern int sigpending (sigset_t *__set) ;



extern int sigwait (__const sigset_t *__restrict __set, int *__restrict __sig)
     ;



extern int sigwaitinfo (__const sigset_t *__restrict __set,
                        siginfo_t *__restrict __info) ;



extern int sigtimedwait (__const sigset_t *__restrict __set,
                         siginfo_t *__restrict __info,
                         __const struct timespec *__restrict __timeout)
     ;



extern int sigqueue (__pid_t __pid, int __sig, __const union sigval __val)
     ;
# 284 "/usr/include/signal.h" 3 4
extern __const char *__const _sys_siglist[64];
extern __const char *__const sys_siglist[64];


struct sigvec
  {
    __sighandler_t sv_handler;
    int sv_mask;

    int sv_flags;

  };
# 308 "/usr/include/signal.h" 3 4
extern int sigvec (int __sig, __const struct sigvec *__vec,
                   struct sigvec *__ovec) ;



# 1 "/usr/include/bits/sigcontext.h" 1 3 4
# 28 "/usr/include/bits/sigcontext.h" 3 4
# 1 "/usr/include/asm/sigcontext.h" 1 3 4
# 18 "/usr/include/asm/sigcontext.h" 3 4
struct _fpreg {
        unsigned short significand[4];
        unsigned short exponent;
};

struct _fpxreg {
        unsigned short significand[4];
        unsigned short exponent;
        unsigned short padding[3];
};

struct _xmmreg {
        unsigned long element[4];
};

struct _fpstate {

        unsigned long cw;
        unsigned long sw;
        unsigned long tag;
        unsigned long ipoff;
        unsigned long cssel;
        unsigned long dataoff;
        unsigned long datasel;
        struct _fpreg _st[8];
        unsigned short status;
        unsigned short magic;


        unsigned long _fxsr_env[6];
        unsigned long mxcsr;
        unsigned long reserved;
        struct _fpxreg _fxsr_st[8];
        struct _xmmreg _xmm[8];
        unsigned long padding[56];
};



struct sigcontext {
        unsigned short gs, __gsh;
        unsigned short fs, __fsh;
        unsigned short es, __esh;
        unsigned short ds, __dsh;
        unsigned long edi;
        unsigned long esi;
        unsigned long ebp;
        unsigned long esp;
        unsigned long ebx;
        unsigned long edx;
        unsigned long ecx;
        unsigned long eax;
        unsigned long trapno;
        unsigned long err;
        unsigned long eip;
        unsigned short cs, __csh;
        unsigned long eflags;
        unsigned long esp_at_signal;
        unsigned short ss, __ssh;
        struct _fpstate * fpstate;
        unsigned long oldmask;
        unsigned long cr2;
};
# 29 "/usr/include/bits/sigcontext.h" 2 3 4
# 314 "/usr/include/signal.h" 2 3 4


extern int sigreturn (struct sigcontext *__scp) ;
# 326 "/usr/include/signal.h" 3 4
extern int siginterrupt (int __sig, int __interrupt) ;

# 1 "/usr/include/bits/sigstack.h" 1 3 4
# 26 "/usr/include/bits/sigstack.h" 3 4
struct sigstack
  {
    void *ss_sp;
    int ss_onstack;
  };



enum
{
  SS_ONSTACK = 1,

  SS_DISABLE

};
# 50 "/usr/include/bits/sigstack.h" 3 4
typedef struct sigaltstack
  {
    void *ss_sp;
    int ss_flags;
    size_t ss_size;
  } stack_t;
# 329 "/usr/include/signal.h" 2 3 4
# 337 "/usr/include/signal.h" 3 4
extern int sigstack (struct sigstack *__ss, struct sigstack *__oss) ;



extern int sigaltstack (__const struct sigaltstack *__restrict __ss,
                        struct sigaltstack *__restrict __oss) ;
# 365 "/usr/include/signal.h" 3 4
# 1 "/usr/include/bits/pthreadtypes.h" 1 3 4
# 366 "/usr/include/signal.h" 2 3 4
# 1 "/usr/include/bits/sigthread.h" 1 3 4
# 31 "/usr/include/bits/sigthread.h" 3 4
extern int pthread_sigmask (int __how,
                            __const __sigset_t *__restrict __newmask,
                            __sigset_t *__restrict __oldmask);


extern int pthread_kill (pthread_t __threadid, int __signo) ;
# 367 "/usr/include/signal.h" 2 3 4






extern int __libc_current_sigrtmin (void) ;

extern int __libc_current_sigrtmax (void) ;




# 22 "can_send.c" 2

# 1 "/usr/include/time.h" 1 3 4
# 30 "/usr/include/time.h" 3 4








# 1 "/usr/lib/gcc-lib/i486-suse-linux/3.3/include/stddef.h" 1 3 4
# 39 "/usr/include/time.h" 2 3 4



# 1 "/usr/include/bits/time.h" 1 3 4
# 40 "/usr/include/bits/time.h" 3 4
extern long int __sysconf (int);
# 43 "/usr/include/time.h" 2 3 4
# 58 "/usr/include/time.h" 3 4


typedef __clock_t clock_t;



# 129 "/usr/include/time.h" 3 4


struct tm
{
  int tm_sec;
  int tm_min;
  int tm_hour;
  int tm_mday;
  int tm_mon;
  int tm_year;
  int tm_wday;
  int tm_yday;
  int tm_isdst;


  long int tm_gmtoff;
  __const char *tm_zone;




};








struct itimerspec
  {
    struct timespec it_interval;
    struct timespec it_value;
  };


struct sigevent;
# 178 "/usr/include/time.h" 3 4



extern clock_t clock (void) ;


extern time_t time (time_t *__timer) ;


extern double difftime (time_t __time1, time_t __time0)
     __attribute__ ((__const__));


extern time_t mktime (struct tm *__tp) ;





extern size_t strftime (char *__restrict __s, size_t __maxsize,
                        __const char *__restrict __format,
                        __const struct tm *__restrict __tp) ;

# 226 "/usr/include/time.h" 3 4



extern struct tm *gmtime (__const time_t *__timer) ;



extern struct tm *localtime (__const time_t *__timer) ;





extern struct tm *gmtime_r (__const time_t *__restrict __timer,
                            struct tm *__restrict __tp) ;



extern struct tm *localtime_r (__const time_t *__restrict __timer,
                               struct tm *__restrict __tp) ;





extern char *asctime (__const struct tm *__tp) ;


extern char *ctime (__const time_t *__timer) ;







extern char *asctime_r (__const struct tm *__restrict __tp,
                        char *__restrict __buf) ;


extern char *ctime_r (__const time_t *__restrict __timer,
                      char *__restrict __buf) ;




extern char *__tzname[2];
extern int __daylight;
extern long int __timezone;




extern char *tzname[2];



extern void tzset (void) ;



extern int daylight;
extern long int timezone;





extern int stime (__const time_t *__when) ;
# 309 "/usr/include/time.h" 3 4
extern time_t timegm (struct tm *__tp) ;


extern time_t timelocal (struct tm *__tp) ;


extern int dysize (int __year) __attribute__ ((__const__));





extern int nanosleep (__const struct timespec *__requested_time,
                      struct timespec *__remaining) ;



extern int clock_getres (clockid_t __clock_id, struct timespec *__res) ;


extern int clock_gettime (clockid_t __clock_id, struct timespec *__tp) ;


extern int clock_settime (clockid_t __clock_id, __const struct timespec *__tp)
     ;
# 347 "/usr/include/time.h" 3 4
extern int timer_create (clockid_t __clock_id,
                         struct sigevent *__restrict __evp,
                         timer_t *__restrict __timerid) ;


extern int timer_delete (timer_t __timerid) ;


extern int timer_settime (timer_t __timerid, int __flags,
                          __const struct itimerspec *__restrict __value,
                          struct itimerspec *__restrict __ovalue) ;


extern int timer_gettime (timer_t __timerid, struct itimerspec *__value)
     ;


extern int timer_getoverrun (timer_t __timerid) ;
# 399 "/usr/include/time.h" 3 4

# 24 "can_send.c" 2
# 1 "/usr/include/sys/ioctl.h" 1 3 4
# 24 "/usr/include/sys/ioctl.h" 3 4



# 1 "/usr/include/bits/ioctls.h" 1 3 4
# 24 "/usr/include/bits/ioctls.h" 3 4
# 1 "/usr/include/asm/ioctls.h" 1 3 4



# 1 "/usr/include/asm/ioctl.h" 1 3 4
# 5 "/usr/include/asm/ioctls.h" 2 3 4
# 25 "/usr/include/bits/ioctls.h" 2 3 4
# 28 "/usr/include/sys/ioctl.h" 2 3 4


# 1 "/usr/include/bits/ioctl-types.h" 1 3 4
# 28 "/usr/include/bits/ioctl-types.h" 3 4
struct winsize
  {
    unsigned short int ws_row;
    unsigned short int ws_col;
    unsigned short int ws_xpixel;
    unsigned short int ws_ypixel;
  };


struct termio
  {
    unsigned short int c_iflag;
    unsigned short int c_oflag;
    unsigned short int c_cflag;
    unsigned short int c_lflag;
    unsigned char c_line;
    unsigned char c_cc[8];
};
# 31 "/usr/include/sys/ioctl.h" 2 3 4






# 1 "/usr/include/sys/ttydefaults.h" 1 3 4
# 38 "/usr/include/sys/ioctl.h" 2 3 4




extern int ioctl (int __fd, unsigned long int __request, ...) ;


# 25 "can_send.c" 2


# 1 "/usr/include/sched.h" 1 3 4
# 32 "/usr/include/sched.h" 3 4
# 1 "/usr/include/bits/sched.h" 1 3 4
# 62 "/usr/include/bits/sched.h" 3 4
struct sched_param
  {
    int __sched_priority;
  };





extern int clone (int (*__fn) (void *__arg), void *__child_stack,
                  int __flags, void *__arg) ;



# 33 "/usr/include/sched.h" 2 3 4







extern int sched_setparam (__pid_t __pid, __const struct sched_param *__param)
     ;


extern int sched_getparam (__pid_t __pid, struct sched_param *__param) ;


extern int sched_setscheduler (__pid_t __pid, int __policy,
                               __const struct sched_param *__param) ;


extern int sched_getscheduler (__pid_t __pid) ;


extern int sched_yield (void) ;


extern int sched_get_priority_max (int __algorithm) ;


extern int sched_get_priority_min (int __algorithm) ;


extern int sched_rr_get_interval (__pid_t __pid, struct timespec *__t) ;
# 76 "/usr/include/sched.h" 3 4

# 28 "can_send.c" 2
# 1 "/usr/include/sys/mman.h" 1 3 4
# 26 "/usr/include/sys/mman.h" 3 4
# 1 "/usr/lib/gcc-lib/i486-suse-linux/3.3/include/stddef.h" 1 3 4
# 27 "/usr/include/sys/mman.h" 2 3 4
# 42 "/usr/include/sys/mman.h" 3 4
# 1 "/usr/include/bits/mman.h" 1 3 4
# 43 "/usr/include/sys/mman.h" 2 3 4





# 58 "/usr/include/sys/mman.h" 3 4
extern void *mmap (void *__addr, size_t __len, int __prot,
                   int __flags, int __fd, __off_t __offset) ;
# 77 "/usr/include/sys/mman.h" 3 4
extern int munmap (void *__addr, size_t __len) ;




extern int mprotect (void *__addr, size_t __len, int __prot) ;




extern int msync (void *__addr, size_t __len, int __flags) ;




extern int madvise (void *__addr, size_t __len, int __advice) ;
# 101 "/usr/include/sys/mman.h" 3 4
extern int mlock (__const void *__addr, size_t __len) ;


extern int munlock (__const void *__addr, size_t __len) ;




extern int mlockall (int __flags) ;



extern int munlockall (void) ;





extern void *mremap (void *__addr, size_t __old_len, size_t __new_len,
                     int __may_move) ;






extern int mincore (void *__start, size_t __len, unsigned char *__vec);




extern int shm_open (__const char *__name, int __oflag, mode_t __mode);


extern int shm_unlink (__const char *__name);


# 29 "can_send.c" 2


# 1 "/usr/include/errno.h" 1 3 4
# 32 "/usr/include/errno.h" 3 4




# 1 "/usr/include/bits/errno.h" 1 3 4
# 25 "/usr/include/bits/errno.h" 3 4
# 1 "/usr/include/linux/errno.h" 1 3 4



# 1 "/usr/include/asm/errno.h" 1 3 4
# 5 "/usr/include/linux/errno.h" 2 3 4
# 26 "/usr/include/bits/errno.h" 2 3 4
# 38 "/usr/include/bits/errno.h" 3 4
extern int *__errno_location (void) __attribute__ ((__const__));
# 37 "/usr/include/errno.h" 2 3 4
# 59 "/usr/include/errno.h" 3 4

# 32 "can_send.c" 2
# 1 "../src/can4linux.h" 1
# 55 "../src/can4linux.h"
# 1 "/usr/include/sys/time.h" 1 3 4
# 29 "/usr/include/sys/time.h" 3 4
# 1 "/usr/include/bits/time.h" 1 3 4
# 30 "/usr/include/sys/time.h" 2 3 4
# 39 "/usr/include/sys/time.h" 3 4

# 57 "/usr/include/sys/time.h" 3 4
struct timezone
  {
    int tz_minuteswest;
    int tz_dsttime;
  };

typedef struct timezone *__restrict __timezone_ptr_t;
# 73 "/usr/include/sys/time.h" 3 4
extern int gettimeofday (struct timeval *__restrict __tv,
                         __timezone_ptr_t __tz) ;




extern int settimeofday (__const struct timeval *__tv,
                         __const struct timezone *__tz) ;





extern int adjtime (__const struct timeval *__delta,
                    struct timeval *__olddelta) ;




enum __itimer_which
  {

    ITIMER_REAL = 0,


    ITIMER_VIRTUAL = 1,



    ITIMER_PROF = 2

  };



struct itimerval
  {

    struct timeval it_interval;

    struct timeval it_value;
  };






typedef int __itimer_which_t;




extern int getitimer (__itimer_which_t __which,
                      struct itimerval *__value) ;




extern int setitimer (__itimer_which_t __which,
                      __const struct itimerval *__restrict __new,
                      struct itimerval *__restrict __old) ;




extern int utimes (__const char *__file, __const struct timeval __tvp[2])
     ;



extern int lutimes (__const char *__file, __const struct timeval __tvp[2])
     ;


extern int futimes (int fd, __const struct timeval __tvp[2]) ;
# 182 "/usr/include/sys/time.h" 3 4

# 56 "../src/can4linux.h" 2
# 79 "../src/can4linux.h"
typedef struct {

    int flags;
    int cob;
    unsigned long id;
    struct timeval timestamp;
    short int length;
    unsigned char data[8];
} canmsg_t;
# 105 "../src/can4linux.h"
typedef struct Command_par {
    int cmd;
    int error;
    unsigned long retval;
} Command_par_t ;




typedef struct Config_par {
    int target;
    unsigned long val1;
    unsigned long val2;
    int error;
    unsigned long retval;
} Config_par_t ;



typedef struct CanSja1000Status_par {
    unsigned int baud;
    unsigned char status;
    unsigned int error_warning_limit;
    unsigned int rx_errors;
    unsigned int tx_errors;
    unsigned int error_code;
    unsigned int rx_buffer_size;
    unsigned int rx_buffer_used;
    unsigned int tx_buffer_size;
    unsigned int tx_buffer_used;
    unsigned long retval;
} CanSja1000Status_par_t;



typedef struct Send_par {
    canmsg_t *Tx;
    int error;
    unsigned long retval;
} Send_par_t ;



typedef struct Receive_par {
    canmsg_t *Rx;
    int error;
    unsigned long retval;
} Receive_par_t ;



typedef struct ConfigureRTR_par {
    unsigned message;
    canmsg_t *Tx;
    int error;
    unsigned long retval;
} ConfigureRTR_par_t ;
# 33 "can_send.c" 2
# 46 "can_send.c"
extern int (*__errno_location ());
canmsg_t message;
void sbuf(unsigned char *s, int n);
void usage(char *s);
int can_fd;
int node = 8;
int debug = 0;
int extd = 0;
int load = 50;
int doload = 0;
int stresstest = 0;
int testtype = 1;
int sleeptime = 0;
int cstdout = 0;
long int test_count_soll = 0;
int rtr = 0;
int baud = -1;
int priority = -1;
int canreset = 0;


void clean_process(void);
void test1(void);
void test2(void);
void test3(void);
void test10(void);
void test11(void);
void test20(void);
# 86 "can_send.c"
int set_bitrate(
        int fd,
        int baud
        )
{
Config_par_t cfg;
volatile Command_par_t cmd;


    cmd.cmd = 2;
    ioctl(fd, 0, &cmd);

    cfg.target = 3;
    cfg.val1 = baud;
    ioctl(fd, 1, &cfg);

    cmd.cmd = 1;
    ioctl(fd, 0, &cmd);
    return 0;
}


void getStat(void)
{
CanSja1000Status_par_t status;
    ioctl(can_fd, 5, &status);
    printf(":: %02x %d %d %d %02x | %d | r%d t%d\n",
        status.status,
        status.error_warning_limit,
        status.rx_errors,
        status.tx_errors,
        status.error_code,
        status.rx_buffer_size,
        status.rx_buffer_used,
        status.tx_buffer_used
        );
}

int can_reset( void ) {

int ret;
volatile Command_par_t cmd;


    cmd.cmd = 3;
    ret = ioctl(can_fd, 0, &cmd);

    return ret;
}






int main(int argc, char **argv)
{
int ret;
int cnt;
int c;
char *pname;
extern char *optarg;
extern int optind, opterr, optopt;
char device[40] = "/dev/can1";
int max_priority;
int increment = 0;

    pname = *argv;


    max_priority = sched_get_priority_max(2) - 1;





    message.id = 100;
    message.cob = 0;
    message.flags = 0;
    message.length = 8;
    message.data[0] = 0x55;
    message.data[1] = 2;
    message.data[2] = 3;
    message.data[3] = 4;
    message.data[4] = 5;
    message.data[5] = 6;
    message.data[6] = 7;
    message.data[7] = 0xaa;

    while ((c = getopt(argc, argv, "b:dehl:rp:s:n:D:t:T:VR")) != (-1)) {
        switch (c) {
            case 'r':
                rtr = 1;
                break;
            case 'e':
                extd = 1;
                break;
            case 'b':
                baud = atoi(optarg);
                break;
            case 'l':
                load = atoi(optarg);
                doload = 1;
                break;
            case 'p':
                {
                struct sched_param mysched;
                    priority = atoi(optarg);
                    if (priority < 0 ) {
                      fprintf(stderr, "Priority < 0 not allowed\n");
                    }
                    if (priority > max_priority) {
                      fprintf(stderr, "Priority > %d not allowed\n",
                                                        max_priority);
                    }

                    mysched.__sched_priority =
                                sched_get_priority_max(2) - 1;
                    ret = sched_setscheduler(0,1,&mysched);
                    if ( debug == 1 ) {
                        printf("sched_setscheduler() = %d\n", ret);
                    }


                    ret = mlockall(1 | 2);
                    if ( debug == 1 ) {
                        printf("mlockall() = %d\n", ret);
                    }

                }
                break;
            case 's':
                sleeptime = atoi(optarg);
                break;
            case 'n':
                node = atoi(optarg);
                sprintf(device, "/dev/canp%d", node);
                break;
            case 'D':
                if (0 == strcmp(optarg, "stdout")) {
                    cstdout = 1;
                } else {
                    sprintf(device, "/dev/%s", optarg);
                }
                break;
            case 'd':
                debug = 1;
                break;
            case 't':
                stresstest = 1;
                testtype = atoi(optarg);
                break;
            case 'T':
                test_count_soll = atoi(optarg);
                break;
            case 'V':
                printf("can_send V" "1.6" "\n");
                exit(0);
                break;
            case 'R':
                canreset = 1;
                exit(0);
                break;
            case 'h':
            default: usage(pname); exit(0);
        }
    }


    if ( argc - optind > 0 ) {

        message.id = strtol(argv[optind++], ((void *)0), 0);
        memset(message.data, 0, 8);
        message.length = 0;
    }
    if ( argc - optind > 0 ) {

        cnt = 0;
        while(optind != argc) {
            message.data[cnt++] = strtol(argv[optind++], ((void *)0), 0);
        }
        message.length = cnt;
    }
    if (rtr) {
        message.flags |= (1<<0);
    }
    if (extd) {
        message.flags |= (1<<2);
    }

    if ( debug == 1 ) {

        printf("can_send V %s, " "May 28 2003", "1.6" );
        printf("(c) 1996-2003 port GmbH\n");
        printf(" using canmsg_t with %d bytes\n", sizeof(canmsg_t));
        printf(" max process priority is \"-p %d\"\n", max_priority);
        if (stresstest) {
            printf("should send one of the test sequences\n");
        } else {
            printf("should send mess %ld with: %s", message.id,
                message.length > 0 ? ": " : "out data");
            sbuf(message.data, message.length);
        }
    }

    sleeptime *= 1000;
    if ( debug == 1 ) {
        printf("Sleeptime between transmit messages= %d us\n", sleeptime);
    }
    srand(node * 100);

    if (cstdout == 0) {

        if ( debug == 1 ) {
            printf("Open device %s\n", device);
        }
        can_fd = open(device, 02);
        if (can_fd == -1) {
            fprintf(stderr, "open error %d;", (*__errno_location ()));
            perror(device);
            exit(1);
        }

        if ( canreset == 1 ) {
            ret = can_reset();
            if ( ret == -1 ) {
                perror("CAN Reset");
                exit(1);
            }
            exit(0);
        }

        if (baud > 0) {
            if ( debug == 1 ) {
                printf("change Bit-Rate to %d Kbit/s\n", baud);
            }
            set_bitrate(can_fd, baud);
        }
    } else {
        can_fd = 1;
    }
    if ( debug == 1 ) {
        printf("opened %s succesful, got can_fd = %d\n", device, can_fd);
    }

    if (doload == 1) {
        test20();
        exit(0);
    }
    if (stresstest) {
        switch(testtype) {
            case 1: test1(); exit(0); break;
            case 2: test2(); exit(0); break;
            case 3: test3(); exit(0); break;
            case 4: increment = 1; break;
            case 10: test10(); exit(0); break;
            case 11: test11(); exit(0); break;
            default:
            fprintf(stderr, "test type %d is not defined\n", testtype); break;
            exit(0); break;
        }
    }




    do {
        if ( debug == 1 ) {
             printf(" transmit message %ld\n", message.id );
        }
        ret = write(can_fd, &message, 1);
        if (ret == -1) {

            perror("write error");

                usleep(sleeptime);
                continue;

        } else if (ret == 0) {
            printf("transmit timed out\n");
                usleep(sleeptime);
                continue;
        } else {
        }
        if ( debug == 1 ) {
             getStat();
        }
        if (sleeptime > 0) usleep(sleeptime);
        message.id += increment;
    }
    while(sleeptime > 0);


    if (sleeptime == 0) {



        usleep(50000);

    }
    ret = close(can_fd);
    if (ret == -1) {
        fprintf(stderr, "close error %d;", (*__errno_location ()));
        perror("");
        exit(1);
    }
    if ( debug == 1 ) {
        printf("closed fd = %d succesful\n", can_fd);
    }
    return 0;
}



void sbuf(unsigned char *s, int n)
{
int i;

    for(i = 0; i< n; i++) {
        fprintf(stdout, "%02x ", *s++);
    }
    putchar('\n');
}



void usage(char *s)
{
static char *usage_text = " ist optional id nicht angegeben wird 100 benutzt\n sind keine Daten angegeben, werden max 8 ausgegeben\n eingabe dezimal 100 or hex 0x64\n-r send message as rtr message.\n-e send message in extended message format.\n-l load try to reach this bus load, given in %\n-s n - sleeptime between messages in ms, if not specified send single message\n-d   - debug On\n       schaltet zusaetzlich Debugging im Treiber an/aus\n-b baudrate (Standard uses value of /proc/sys/Can/baud)\n-D dev use /dev/dev/{can0,can1,can2,can3} (real nodes, std: can1)\n"
# 427 "can_send.c"
"-t type \n   1 Stresstest fr Knoten, Sendet Bursts von kurzen rtr messages\n   2 sendet bursts von 5 Daten Messages, gleiche ID\n   3 sendet bursts von 5 Daten Messages, unterschiedliche ID\n     message 5 enthlt counter \n   4 as without this option, but incremnts CAN-ID with each message\n   10 sendet bursts von 9 Daten Messages, fr Comm. Verification\n   11 send -T number of messages as fast as possible, if transmit buffer\n      is full, sleep for -s ms time. time == 0:don't sleep, poll\n-R   setzt CAN Controller zurck\n-T   Anzahl der Bursts, Abstand -s n (fr -t)\n-V   version\n\n";
# 442 "can_send.c"
    fprintf(stderr, "usage: %s options [id [ byte ..]]\n", s);
    fprintf(stderr, usage_text);


}







void test1(void)
{
long int test_count = 0;
canmsg_t tm[4];
int ret;

    tm[0].id = 100;
    tm[0].cob = 0;
    tm[0].length = 8;
    tm[0].flags = 0;
    if (extd) {
        tm[0].flags |= (1<<2);
    }
    tm[0].data[0] = 0x55;
    tm[0].data[1] = 2;
    tm[0].data[2] = 3;
    tm[0].data[3] = 4;
    tm[0].data[4] = 5;
    tm[0].data[5] = 6;
    tm[0].data[6] = 7;
    tm[0].data[7] = 0xaa;

    tm[1].id = message.id;
    tm[1].cob = 0;
    tm[1].length = 0;
    tm[1].flags = (1<<0);
    if (extd) {
        tm[1].flags |= (1<<2);
    }

    tm[2].id = message.id;
    tm[2].cob = 0;
    tm[2].length = 1;
    tm[2].flags = (1<<0);
    if (extd) {
        tm[2].flags |= (1<<2);
    }

    tm[3].id = message.id;
    tm[3].cob = 0;
    tm[3].length = 2;
    tm[3].flags = (1<<0);
    if (extd) {
        tm[3].flags |= (1<<2);
    }


    do {
        ret = write(can_fd, &tm[0], 4);
        if (ret == -1) {
            perror("write error");
            usleep(sleeptime);
            continue;
        } else if (ret == 0) {
            printf("transmit timed out\n");
            usleep(sleeptime);
            continue;
        } else {
            if ( debug == 1 ) {
                printf("transmitted %d\n", ret);
            }
        }
        if (++test_count == test_count_soll) {
            break;
        }
        if (sleeptime > 0 ) {
            usleep(sleeptime);
        }
    }
    while ( sleeptime > 0 );
}
# 533 "can_send.c"
void test2(void)
{
long int test_count = 0;
canmsg_t tm[5];
int ret;
unsigned int cnt = 0;

    tm[0].id = message.id;
    tm[0].cob = 0;
    tm[0].length = 8;
    tm[0].flags = 0;
    if (extd) {
        tm[0].flags |= (1<<2);
    }
    tm[0].data[0] = 0x55;
    tm[0].data[1] = 2;
    tm[0].data[2] = 3;
    tm[0].data[3] = 4;
    tm[0].data[4] = 5;
    tm[0].data[5] = 6;
    tm[0].data[6] = 7;
    tm[0].data[7] = 0xaa;

    tm[1].id = message.id;
    tm[1].cob = 0;
    tm[1].length = 8;
    tm[1].flags = 0;
    if (extd) {
        tm[1].flags |= (1<<2);
    }
    tm[1].data[0] = 0xaa;
    tm[1].data[1] = 7;
    tm[1].data[2] = 6;
    tm[1].data[3] = 5;
    tm[1].data[4] = 4;
    tm[1].data[5] = 3;
    tm[1].data[6] = 2;
    tm[1].data[7] = 0x55;

    tm[2].id = message.id;
    tm[2].cob = 0;
    tm[2].length = 0;
    tm[2].flags = 0;
    if (extd) {
        tm[2].flags |= (1<<2);
    }

    tm[3].id = message.id;
    tm[3].cob = 0;
    tm[3].length = 8;
    tm[3].flags = 0;
    if (extd) {
        tm[3].flags |= (1<<2);
    }
    tm[3].data[0] = 0x55;
    tm[3].data[1] = 2;
    tm[3].data[2] = 3;
    tm[3].data[3] = 4;
    tm[3].data[4] = 5;
    tm[3].data[5] = 6;
    tm[3].data[6] = 7;
    tm[3].data[7] = 0xaa;

    tm[4].id = message.id;
    tm[4].cob = 0;
    tm[4].length = 4;
    tm[4].flags = 0;
    *(unsigned int *)&tm[4].data[0] = cnt++;

    if (extd) {
        tm[4].flags |= (1<<2);
    }

    do {
        ret = write(can_fd, &tm[0], 5);
        if (ret == -1) {
            perror("write error");
            usleep(sleeptime);
            continue;
        } else if (ret == 0) {
            printf("transmit timed out\n");
            usleep(sleeptime);
            continue;
        } else {
            if ( debug == 1 ) {
                printf("transmitted %d\n", ret);
            }
        }

        *(unsigned int *)&tm[4].data[0] = cnt++;
        if (++test_count == test_count_soll) {
            break;
        }

        if ( sleeptime > 0 ) {
            usleep(sleeptime);
        }
    }
    while(sleeptime > 0);
}
# 641 "can_send.c"
void test3(void)
{
long int test_count = 0;
canmsg_t tm[5];
int ret;
unsigned int cnt = 0;

struct timespec req;




    tm[0].id = message.id;
    tm[0].cob = 0;
    tm[0].length = 8;
    tm[0].flags = 0;
    if (extd) {
        tm[0].flags |= (1<<2);
    }
    tm[0].data[0] = 0x55;
    tm[0].data[1] = 2;
    tm[0].data[2] = 3;
    tm[0].data[3] = 4;
    tm[0].data[4] = 5;
    tm[0].data[5] = 6;
    tm[0].data[6] = 7;
    tm[0].data[7] = 0xaa;

    tm[1].id = tm[0].id + 0x10;
    tm[1].cob = 0;
    tm[1].length = 8;
    tm[1].flags = 0;
    if (extd) {
        tm[1].flags |= (1<<2);
    }
    tm[1].data[0] = 0xaa;
    tm[1].data[1] = 7;
    tm[1].data[2] = 6;
    tm[1].data[3] = 5;
    tm[1].data[4] = 4;
    tm[1].data[5] = 3;
    tm[1].data[6] = 2;
    tm[1].data[7] = 0x55;

    tm[2].id = tm[1].id + 0x10;
    tm[2].cob = 0;
    tm[2].length = 0;
    tm[2].flags = 0;
    if (extd) {
        tm[2].flags |= (1<<2);
    }

    tm[3].id = tm[2].id + 0x10;
    tm[3].cob = 0;
    tm[3].length = 8;
    tm[3].flags = 0;
    if (extd) {
        tm[3].flags |= (1<<2);
    }
    tm[3].data[0] = 0x55;
    tm[3].data[1] = 2;
    tm[3].data[2] = 3;
    tm[3].data[3] = 4;
    tm[3].data[4] = 5;
    tm[3].data[5] = 6;
    tm[3].data[6] = 7;
    tm[3].data[7] = 0xaa;

    tm[4].id = tm[3].id + 0x10;
    tm[4].cob = 0;
    tm[4].length = 4;
    tm[4].flags = 0;
    *(unsigned int *)&tm[4].data[0] = cnt++;

    if (extd) {
        tm[4].flags |= (1<<2);
    }







        req.tv_sec = sleeptime / (1000*1000);
        req.tv_nsec = (sleeptime % (1000*1000)) * 1000;
        if ( debug == 1 ) {
            printf("Sleep %ld.%09ld\n", req.tv_sec, req.tv_nsec);
        }



    do {
        ret = write(can_fd, &tm[0], 5);
        if (ret == -1) {
            perror("write error");
            usleep(sleeptime);
            continue;
        } else if (ret == 0) {
            printf("transmit timed out\n");
            usleep(sleeptime);
            continue;
        } else {
            if ( debug == 1 ) {
                printf("transmitted %d\n", ret);
            }
        }

        *(unsigned int *)&tm[4].data[0] = cnt++;
        if (++test_count == test_count_soll) {
            break;
        }

        if ( debug == 1 ) {
            getStat();
        }

        if (sleeptime > 0) {

            usleep(sleeptime);
# 771 "can_send.c"
        }
    }
    while(sleeptime > 0);
}
# 796 "can_send.c"
void update_seq(canmsg_t *m)
{
int i;






    if ( ( extd && (m->id > (536870906 - 9)))
         || (!extd && (m->id > ( 2042 - 9))) ) {

        for (i = 0; i < 9; i++) {
            (m + i)->id = i;
        }
    } else {
        if ( debug == 1 ) {
            printf(" new id %ld\n", m->id + 9);
        }

        for (i = 0; i < 9; i++) {
                (m + i)->id += 9;
        }
    }


    for (i = 0; i < 9; i++) {
        char *p;
        p = &((m + i)->data[0]);

        *(unsigned long long *)p += 1;
    }
}

void test10(void)
{
long int test_count = 0;
int ret, i;

int fac = 1;


canmsg_t tm[9] = {

    { 0 , 0, 0, {0 , 0}, 0, { 0, 0, 0, 0, 0, 0, 0, 0} },
    { 0 , 0, 1, {0 , 0}, 1, { 0, 0, 0, 0, 0, 0, 0, 0} },
    { 0 , 0, 2, {0 , 0}, 2, { 0, 0, 0, 0, 0, 0, 0, 0} },
    { 0 , 0, 3, {0 , 0}, 3, { 0, 0, 0, 0, 0, 0, 0, 0} },
    { 0 , 0, 4, {0 , 0}, 4, { 0, 0, 0, 0, 0, 0, 0, 0} },
    { 0 , 0, 5, {0 , 0}, 5, { 0, 0, 0, 0, 0, 0, 0, 0} },
    { 0 , 0, 6, {0 , 0}, 6, { 0, 0, 0, 0, 0, 0, 0, 0} },
    { 0 , 0, 7, {0 , 0}, 7, { 0, 0, 0, 0, 0, 0, 0, 0} },
    { 0 , 0, 8, {0 , 0}, 8, { 0, 0, 0, 0, 0, 0, 0, 0} }};

    if (cstdout == 1) {

        fac = sizeof(canmsg_t);
    }
    if (extd) {

        for (i = 0; i < 9; i++) {
                tm[i].flags |= (1<<2);
        }
    }
    if ( debug == 1 ) {
        printf("using test10 with extd = %s\n", extd ? "TRUE" : "FALSE");
    }


    do {
        int seq = 9 *fac;
        int start = 0;;

        while(seq) {
            if ( debug == 1 ) {
                 printf("send %d/%d, ", start, seq);
            }
            ret = write(can_fd, &tm[start], seq);
            if (ret == -1) {
                perror("write error");
                exit(2);
            } else if (ret == 0) {
                printf("transmit timed out\n");
                usleep(sleeptime);
                continue;
            } else {
                if ( debug == 1 ) {
                    printf("transmitted %d\n", ret);
                }
            }
            if ( debug == 1 ) {
                getStat();
            }
            seq -= ret;
            start += ret;
            if ( seq >= 0 && sleeptime) {
                usleep(10000);
            }
        }

        if (++test_count == test_count_soll) {
            break;
        }

        update_seq(&tm[0]);


        if (sleeptime > 0) {
            usleep(sleeptime);
        }
    }
    while(1);


    usleep(1000000);
}





void test20(void)
{
int n, i, test_count;
int run;
int ret;






    n = 20000 / (120 * (1000 / baud));
    n = n * load / 100;

    test_count = 0;
    printf("send %ld mesages, %d messages  every 20 ms cycle \n",
        test_count_soll, n);


    sleeptime = 19000;
    run = 1;
    while(run) {
        for(i = 0; i < n; i++) {
            ret = write(can_fd, &message, 1);
            if (ret == -1) {
                perror("write error; ");
            } else if (ret == 0) {
                printf("Node %d: transmit time out\n", node);
            } else {
                if ( debug == 1 ) {
                     printf("Node %d: transmit message %ld\n", node, message.id );
                 }
            }
            if (test_count_soll && (++test_count == test_count_soll)) {
                run = 0;
                break;
            }

        }

    }

}

void test11(void)
{
canmsg_t message;
long int test_count = 0;
int ret;


    message.id = 0;
    message.cob = 0;
    message.flags = 0;
    message.length = 8;
    message.data[0] = 0x55;
    message.data[1] = 2;
    message.data[2] = 3;
    message.data[3] = 4;
    message.data[4] = 5;
    message.data[5] = 6;
    message.data[6] = 7;
    message.data[7] = 0xaa;



    do {
    again:
        if ( debug == 1 ) {
             printf(" transmit message %ld\n", message.id );
         }
        ret = write(can_fd, &message, 1);
        if (ret == -1) {

            perror("write error");

                if (sleeptime) { usleep(sleeptime); }

                goto again;

        } else if (ret != 1) {
            fprintf(stderr, "transmitted %d from 1\n", ret);
                if (sleeptime) { usleep(sleeptime); }
                goto again;
        } else {
        }
        if ( debug == 1 )
             getStat();
        message.id = message.id++ % 2000;
    }
    while(++test_count != test_count_soll);
    usleep(1000000);
}
